2021-07-27 13:26:53,878 mqtt_communication.py[line:511] INFO {'topic': 'pool_click_3c50f4c3-a9c1-4872-9f18-883af014380c', 'qos': 0}
2021-07-27 13:26:53,879 mqtt_communication.py[line:511] INFO {'topic': 'control_data_3c50f4c3-a9c1-4872-9f18-883af014380c', 'qos': 0}
2021-07-27 13:26:53,880 mqtt_communication.py[line:511] INFO {'topic': 'path_confirm_3c50f4c3-a9c1-4872-9f18-883af014380c', 'qos': 0}
2021-07-27 13:26:53,880 mqtt_communication.py[line:511] INFO {'topic': 'user_lng_lat_3c50f4c3-a9c1-4872-9f18-883af014380c', 'qos': 0}
2021-07-27 13:26:53,881 mqtt_communication.py[line:511] INFO {'topic': 'start_3c50f4c3-a9c1-4872-9f18-883af014380c', 'qos': 0}
2021-07-27 13:26:53,881 mqtt_communication.py[line:511] INFO {'topic': 'switch_3c50f4c3-a9c1-4872-9f18-883af014380c', 'qos': 0}
2021-07-27 13:26:53,886 mqtt_communication.py[line:511] INFO {'topic': 'pool_info_3c50f4c3-a9c1-4872-9f18-883af014380c', 'qos': 0}
2021-07-27 13:26:53,894 mqtt_communication.py[line:511] INFO {'topic': 'auto_lng_lat_3c50f4c3-a9c1-4872-9f18-883af014380c', 'qos': 0}
2021-07-27 13:26:53,900 mqtt_communication.py[line:511] INFO {'topic': 'path_planning_3c50f4c3-a9c1-4872-9f18-883af014380c', 'qos': 0}
2021-07-27 13:26:53,905 mqtt_communication.py[line:511] INFO {'topic': 'status_data_3c50f4c3-a9c1-4872-9f18-883af014380c', 'qos': 0}
2021-07-27 13:26:53,911 mqtt_communication.py[line:511] INFO {'topic': 'base_setting_3c50f4c3-a9c1-4872-9f18-883af014380c', 'qos': 0}
2021-07-27 13:26:53,916 mqtt_communication.py[line:170] INFO Connected with result code:  0
2021-07-27 13:26:53,922 mqtt_communication.py[line:511] INFO {'topic': 'height_setting_3c50f4c3-a9c1-4872-9f18-883af014380c', 'qos': 0}
2021-07-27 13:26:53,929 mqtt_communication.py[line:511] INFO {'topic': 'refresh_3c50f4c3-a9c1-4872-9f18-883af014380c', 'qos': 0}
2021-07-27 13:26:53,939 mqtt_communication.py[line:511] INFO {'topic': 'reset_pool_3c50f4c3-a9c1-4872-9f18-883af014380c', 'qos': 0}
2021-07-27 13:26:53,946 mqtt_communication.py[line:511] INFO {'topic': 'heart_3c50f4c3-a9c1-4872-9f18-883af014380c', 'qos': 0}
2021-07-27 13:26:53,953 mqtt_communication.py[line:511] INFO {'topic': 'set_home_3c50f4c3-a9c1-4872-9f18-883af014380c', 'qos': 0}
2021-07-27 13:26:53,959 mqtt_communication.py[line:511] INFO {'topic': 'poweroff_restart_3c50f4c3-a9c1-4872-9f18-883af014380c', 'qos': 0}
2021-07-27 13:26:53,970 mqtt_communication.py[line:511] INFO {'topic': 'path_planning_confirm_3c50f4c3-a9c1-4872-9f18-883af014380c', 'qos': 0}
2021-07-27 13:30:24,279 mqtt_communication.py[line:511] INFO {'topic': 'pool_click_3c50f4c3-a9c1-4872-9f18-883af014380c', 'qos': 0}
2021-07-27 13:30:24,280 mqtt_communication.py[line:511] INFO {'topic': 'control_data_3c50f4c3-a9c1-4872-9f18-883af014380c', 'qos': 0}
2021-07-27 13:30:24,280 mqtt_communication.py[line:511] INFO {'topic': 'path_confirm_3c50f4c3-a9c1-4872-9f18-883af014380c', 'qos': 0}
2021-07-27 13:30:24,281 mqtt_communication.py[line:511] INFO {'topic': 'user_lng_lat_3c50f4c3-a9c1-4872-9f18-883af014380c', 'qos': 0}
2021-07-27 13:30:24,281 mqtt_communication.py[line:511] INFO {'topic': 'start_3c50f4c3-a9c1-4872-9f18-883af014380c', 'qos': 0}
2021-07-27 13:30:24,282 mqtt_communication.py[line:511] INFO {'topic': 'switch_3c50f4c3-a9c1-4872-9f18-883af014380c', 'qos': 0}
2021-07-27 13:30:24,282 mqtt_communication.py[line:511] INFO {'topic': 'pool_info_3c50f4c3-a9c1-4872-9f18-883af014380c', 'qos': 0}
2021-07-27 13:30:24,282 mqtt_communication.py[line:511] INFO {'topic': 'auto_lng_lat_3c50f4c3-a9c1-4872-9f18-883af014380c', 'qos': 0}
2021-07-27 13:30:24,283 mqtt_communication.py[line:511] INFO {'topic': 'path_planning_3c50f4c3-a9c1-4872-9f18-883af014380c', 'qos': 0}
2021-07-27 13:30:24,283 mqtt_communication.py[line:511] INFO {'topic': 'status_data_3c50f4c3-a9c1-4872-9f18-883af014380c', 'qos': 0}
2021-07-27 13:30:24,283 mqtt_communication.py[line:511] INFO {'topic': 'base_setting_3c50f4c3-a9c1-4872-9f18-883af014380c', 'qos': 0}
2021-07-27 13:30:24,284 mqtt_communication.py[line:511] INFO {'topic': 'height_setting_3c50f4c3-a9c1-4872-9f18-883af014380c', 'qos': 0}
2021-07-27 13:30:24,284 mqtt_communication.py[line:511] INFO {'topic': 'refresh_3c50f4c3-a9c1-4872-9f18-883af014380c', 'qos': 0}
2021-07-27 13:30:24,285 mqtt_communication.py[line:511] INFO {'topic': 'reset_pool_3c50f4c3-a9c1-4872-9f18-883af014380c', 'qos': 0}
2021-07-27 13:30:24,285 mqtt_communication.py[line:511] INFO {'topic': 'heart_3c50f4c3-a9c1-4872-9f18-883af014380c', 'qos': 0}
2021-07-27 13:30:24,285 mqtt_communication.py[line:511] INFO {'topic': 'set_home_3c50f4c3-a9c1-4872-9f18-883af014380c', 'qos': 0}
2021-07-27 13:30:24,286 mqtt_communication.py[line:511] INFO {'topic': 'poweroff_restart_3c50f4c3-a9c1-4872-9f18-883af014380c', 'qos': 0}
2021-07-27 13:30:24,286 mqtt_communication.py[line:511] INFO {'topic': 'path_planning_confirm_3c50f4c3-a9c1-4872-9f18-883af014380c', 'qos': 0}
2021-07-27 13:30:24,300 mqtt_communication.py[line:170] INFO Connected with result code:  0
2021-07-27 13:30:31,741 mqtt_communication.py[line:254] INFO {'topic': 'pool_click_3c50f4c3-a9c1-4872-9f18-883af014380c', 'lng_lat': [114.111804, 30.436462], 'zoom': 9}
2021-07-27 13:31:11,242 mqtt_communication.py[line:254] INFO {'topic': 'pool_click_3c50f4c3-a9c1-4872-9f18-883af014380c', 'lng_lat': [114.707813, 30.698964], 'zoom': 9}
2021-07-27 13:31:15,005 mqtt_communication.py[line:362] INFO {'topic': 'pool_info_3c50f4c3-a9c1-4872-9f18-883af014380c', 'mapId': '1419893119231434753'}
2021-07-27 13:31:24,846 mqtt_communication.py[line:254] INFO {'topic': 'pool_click_3c50f4c3-a9c1-4872-9f18-883af014380c', 'lng_lat': [114.431567, 30.521491], 'zoom': 15}
2021-07-27 13:31:26,025 mqtt_communication.py[line:362] INFO {'topic': 'pool_info_3c50f4c3-a9c1-4872-9f18-883af014380c', 'mapId': '1397858517297905666'}
2021-07-27 13:33:18,646 mqtt_communication.py[line:436] INFO {'refresh_setting ': {'info_type': 1}}
2021-07-27 13:33:18,647 mqtt_communication.py[line:376] INFO {'base_setting ': {'info_type': 1}}
2021-07-27 13:33:18,647 mqtt_communication.py[line:483] ERROR {'error': AttributeError("module 'config' has no attribute 'base_setting_path'")}
2021-07-27 13:33:18,920 mqtt_communication.py[line:376] INFO {'base_setting ': {'speed_grade': 5, 'arrive_range': 2.5, 'keep_point': 5, 'secure_distance': 5, 'row': 50, 'col': 50, 'pool_name': 'Ó÷¼Òºþ', 'video_url': 'https://open.ys7.com/v3/openlive/D50551834_1_2.m3u8?expire=1656031846&id=329906531464740864&t=f46ffbe870ee3cb6e078d333ed517132cad8752f8162868c6811e27ac9ec6a21&ev=100', 'info_type': 3}}
2021-07-27 13:33:21,343 mqtt_communication.py[line:254] INFO {'topic': 'pool_click_3c50f4c3-a9c1-4872-9f18-883af014380c', 'lng_lat': [114.431516, 30.525393], 'zoom': 14.7}
2021-07-27 13:33:22,514 mqtt_communication.py[line:362] INFO {'topic': 'pool_info_3c50f4c3-a9c1-4872-9f18-883af014380c', 'mapId': '1397858517297905666'}
2021-07-27 13:45:19,471 mqtt_communication.py[line:436] INFO {'refresh_setting ': {'info_type': 1}}
2021-07-27 13:45:19,472 mqtt_communication.py[line:376] INFO {'base_setting ': {'info_type': 1}}
2021-07-27 13:45:19,472 mqtt_communication.py[line:483] ERROR {'error': AttributeError("module 'config' has no attribute 'base_setting_path'")}
2021-07-27 13:45:19,727 mqtt_communication.py[line:376] INFO {'base_setting ': {'speed_grade': 5, 'arrive_range': 2.5, 'keep_point': 5, 'secure_distance': 5, 'row': 50, 'col': 50, 'pool_name': 'Ó÷¼Òºþ', 'video_url': 'https://open.ys7.com/v3/openlive/D50551834_1_2.m3u8?expire=1656031846&id=329906531464740864&t=f46ffbe870ee3cb6e078d333ed517132cad8752f8162868c6811e27ac9ec6a21&ev=100', 'info_type': 3}}
2021-07-27 13:45:26,063 mqtt_communication.py[line:254] INFO {'topic': 'pool_click_3c50f4c3-a9c1-4872-9f18-883af014380c', 'lng_lat': [114.43179, 30.524839], 'zoom': 15.99}
2021-07-27 13:45:27,385 mqtt_communication.py[line:362] INFO {'topic': 'pool_info_3c50f4c3-a9c1-4872-9f18-883af014380c', 'mapId': '1397858517297905666'}
2021-07-27 14:06:48,948 mqtt_communication.py[line:510] INFO {'topic': 'pool_click_3c50f4c3-a9c1-4872-9f18-883af014380c', 'qos': 0}
2021-07-27 14:06:48,949 mqtt_communication.py[line:510] INFO {'topic': 'control_data_3c50f4c3-a9c1-4872-9f18-883af014380c', 'qos': 0}
2021-07-27 14:06:48,949 mqtt_communication.py[line:510] INFO {'topic': 'path_confirm_3c50f4c3-a9c1-4872-9f18-883af014380c', 'qos': 0}
2021-07-27 14:06:48,950 mqtt_communication.py[line:510] INFO {'topic': 'user_lng_lat_3c50f4c3-a9c1-4872-9f18-883af014380c', 'qos': 0}
2021-07-27 14:06:48,950 mqtt_communication.py[line:510] INFO {'topic': 'start_3c50f4c3-a9c1-4872-9f18-883af014380c', 'qos': 0}
2021-07-27 14:06:48,950 mqtt_communication.py[line:510] INFO {'topic': 'switch_3c50f4c3-a9c1-4872-9f18-883af014380c', 'qos': 0}
2021-07-27 14:06:48,951 mqtt_communication.py[line:510] INFO {'topic': 'pool_info_3c50f4c3-a9c1-4872-9f18-883af014380c', 'qos': 0}
2021-07-27 14:06:48,951 mqtt_communication.py[line:510] INFO {'topic': 'auto_lng_lat_3c50f4c3-a9c1-4872-9f18-883af014380c', 'qos': 0}
2021-07-27 14:06:48,952 mqtt_communication.py[line:510] INFO {'topic': 'path_planning_3c50f4c3-a9c1-4872-9f18-883af014380c', 'qos': 0}
2021-07-27 14:06:48,952 mqtt_communication.py[line:510] INFO {'topic': 'status_data_3c50f4c3-a9c1-4872-9f18-883af014380c', 'qos': 0}
2021-07-27 14:06:48,952 mqtt_communication.py[line:510] INFO {'topic': 'base_setting_3c50f4c3-a9c1-4872-9f18-883af014380c', 'qos': 0}
2021-07-27 14:06:48,953 mqtt_communication.py[line:510] INFO {'topic': 'height_setting_3c50f4c3-a9c1-4872-9f18-883af014380c', 'qos': 0}
2021-07-27 14:06:48,954 mqtt_communication.py[line:510] INFO {'topic': 'refresh_3c50f4c3-a9c1-4872-9f18-883af014380c', 'qos': 0}
2021-07-27 14:06:48,954 mqtt_communication.py[line:510] INFO {'topic': 'reset_pool_3c50f4c3-a9c1-4872-9f18-883af014380c', 'qos': 0}
2021-07-27 14:06:48,954 mqtt_communication.py[line:510] INFO {'topic': 'heart_3c50f4c3-a9c1-4872-9f18-883af014380c', 'qos': 0}
2021-07-27 14:06:48,955 mqtt_communication.py[line:510] INFO {'topic': 'set_home_3c50f4c3-a9c1-4872-9f18-883af014380c', 'qos': 0}
2021-07-27 14:06:48,955 mqtt_communication.py[line:510] INFO {'topic': 'poweroff_restart_3c50f4c3-a9c1-4872-9f18-883af014380c', 'qos': 0}
2021-07-27 14:06:48,956 mqtt_communication.py[line:510] INFO {'topic': 'path_planning_confirm_3c50f4c3-a9c1-4872-9f18-883af014380c', 'qos': 0}
2021-07-27 14:06:48,979 mqtt_communication.py[line:169] INFO Connected with result code:  0
2021-07-27 14:07:35,720 mqtt_communication.py[line:510] INFO {'topic': 'pool_click_3c50f4c3-a9c1-4872-9f18-883af014380c', 'qos': 0}
2021-07-27 14:07:35,721 mqtt_communication.py[line:169] INFO Connected with result code:  0
2021-07-27 14:07:35,721 mqtt_communication.py[line:510] INFO {'topic': 'control_data_3c50f4c3-a9c1-4872-9f18-883af014380c', 'qos': 0}
2021-07-27 14:07:35,722 mqtt_communication.py[line:510] INFO {'topic': 'path_confirm_3c50f4c3-a9c1-4872-9f18-883af014380c', 'qos': 0}
2021-07-27 14:07:35,722 mqtt_communication.py[line:510] INFO {'topic': 'user_lng_lat_3c50f4c3-a9c1-4872-9f18-883af014380c', 'qos': 0}
2021-07-27 14:07:35,722 mqtt_communication.py[line:510] INFO {'topic': 'start_3c50f4c3-a9c1-4872-9f18-883af014380c', 'qos': 0}
2021-07-27 14:07:35,723 mqtt_communication.py[line:510] INFO {'topic': 'switch_3c50f4c3-a9c1-4872-9f18-883af014380c', 'qos': 0}
2021-07-27 14:07:35,723 mqtt_communication.py[line:510] INFO {'topic': 'pool_info_3c50f4c3-a9c1-4872-9f18-883af014380c', 'qos': 0}
2021-07-27 14:07:35,724 mqtt_communication.py[line:510] INFO {'topic': 'auto_lng_lat_3c50f4c3-a9c1-4872-9f18-883af014380c', 'qos': 0}
2021-07-27 14:07:35,724 mqtt_communication.py[line:510] INFO {'topic': 'path_planning_3c50f4c3-a9c1-4872-9f18-883af014380c', 'qos': 0}
2021-07-27 14:07:35,724 mqtt_communication.py[line:510] INFO {'topic': 'status_data_3c50f4c3-a9c1-4872-9f18-883af014380c', 'qos': 0}
2021-07-27 14:07:35,724 mqtt_communication.py[line:510] INFO {'topic': 'base_setting_3c50f4c3-a9c1-4872-9f18-883af014380c', 'qos': 0}
2021-07-27 14:07:35,725 mqtt_communication.py[line:510] INFO {'topic': 'height_setting_3c50f4c3-a9c1-4872-9f18-883af014380c', 'qos': 0}
2021-07-27 14:07:35,725 mqtt_communication.py[line:510] INFO {'topic': 'refresh_3c50f4c3-a9c1-4872-9f18-883af014380c', 'qos': 0}
2021-07-27 14:07:35,725 mqtt_communication.py[line:510] INFO {'topic': 'reset_pool_3c50f4c3-a9c1-4872-9f18-883af014380c', 'qos': 0}
2021-07-27 14:07:35,726 mqtt_communication.py[line:510] INFO {'topic': 'heart_3c50f4c3-a9c1-4872-9f18-883af014380c', 'qos': 0}
2021-07-27 14:07:35,726 mqtt_communication.py[line:510] INFO {'topic': 'set_home_3c50f4c3-a9c1-4872-9f18-883af014380c', 'qos': 0}
2021-07-27 14:07:35,727 mqtt_communication.py[line:510] INFO {'topic': 'poweroff_restart_3c50f4c3-a9c1-4872-9f18-883af014380c', 'qos': 0}
2021-07-27 14:07:35,727 mqtt_communication.py[line:510] INFO {'topic': 'path_planning_confirm_3c50f4c3-a9c1-4872-9f18-883af014380c', 'qos': 0}
2021-07-27 14:07:37,189 mqtt_communication.py[line:210] INFO {'topic': 'control_data_3c50f4c3-a9c1-4872-9f18-883af014380c', 'control_move_direction': 0, 'mode': 1}
2021-07-27 14:07:41,085 mqtt_communication.py[line:210] INFO {'topic': 'control_data_3c50f4c3-a9c1-4872-9f18-883af014380c', 'control_move_direction': 90, 'mode': 1}
2021-07-27 14:07:42,713 mqtt_communication.py[line:210] INFO {'topic': 'control_data_3c50f4c3-a9c1-4872-9f18-883af014380c', 'control_move_direction': 180, 'mode': 1}
2021-07-27 14:07:43,617 mqtt_communication.py[line:210] INFO {'topic': 'control_data_3c50f4c3-a9c1-4872-9f18-883af014380c', 'control_move_direction': 270, 'mode': 1}
2021-07-27 14:07:45,889 mqtt_communication.py[line:210] INFO {'topic': 'control_data_3c50f4c3-a9c1-4872-9f18-883af014380c', 'control_move_direction': -1, 'mode': 1}
2021-07-27 14:07:47,696 mqtt_communication.py[line:210] INFO {'topic': 'control_data_3c50f4c3-a9c1-4872-9f18-883af014380c', 'control_move_direction': 270, 'mode': 1}
2021-07-27 14:19:08,941 mqtt_communication.py[line:510] INFO {'topic': 'pool_click_3c50f4c3-a9c1-4872-9f18-883af014380c', 'qos': 0}
2021-07-27 14:19:08,941 mqtt_communication.py[line:169] INFO Connected with result code:  0
2021-07-27 14:19:08,941 mqtt_communication.py[line:510] INFO {'topic': 'control_data_3c50f4c3-a9c1-4872-9f18-883af014380c', 'qos': 0}
2021-07-27 14:19:08,942 mqtt_communication.py[line:510] INFO {'topic': 'path_confirm_3c50f4c3-a9c1-4872-9f18-883af014380c', 'qos': 0}
2021-07-27 14:19:08,942 mqtt_communication.py[line:510] INFO {'topic': 'user_lng_lat_3c50f4c3-a9c1-4872-9f18-883af014380c', 'qos': 0}
2021-07-27 14:19:08,942 mqtt_communication.py[line:510] INFO {'topic': 'start_3c50f4c3-a9c1-4872-9f18-883af014380c', 'qos': 0}
2021-07-27 14:19:08,943 mqtt_communication.py[line:510] INFO {'topic': 'switch_3c50f4c3-a9c1-4872-9f18-883af014380c', 'qos': 0}
2021-07-27 14:19:08,943 mqtt_communication.py[line:510] INFO {'topic': 'pool_info_3c50f4c3-a9c1-4872-9f18-883af014380c', 'qos': 0}
2021-07-27 14:19:08,943 mqtt_communication.py[line:510] INFO {'topic': 'auto_lng_lat_3c50f4c3-a9c1-4872-9f18-883af014380c', 'qos': 0}
2021-07-27 14:19:08,944 mqtt_communication.py[line:510] INFO {'topic': 'path_planning_3c50f4c3-a9c1-4872-9f18-883af014380c', 'qos': 0}
2021-07-27 14:19:08,944 mqtt_communication.py[line:510] INFO {'topic': 'status_data_3c50f4c3-a9c1-4872-9f18-883af014380c', 'qos': 0}
2021-07-27 14:19:08,944 mqtt_communication.py[line:510] INFO {'topic': 'base_setting_3c50f4c3-a9c1-4872-9f18-883af014380c', 'qos': 0}
2021-07-27 14:19:08,945 mqtt_communication.py[line:510] INFO {'topic': 'height_setting_3c50f4c3-a9c1-4872-9f18-883af014380c', 'qos': 0}
2021-07-27 14:19:08,945 mqtt_communication.py[line:510] INFO {'topic': 'refresh_3c50f4c3-a9c1-4872-9f18-883af014380c', 'qos': 0}
2021-07-27 14:19:08,945 mqtt_communication.py[line:510] INFO {'topic': 'reset_pool_3c50f4c3-a9c1-4872-9f18-883af014380c', 'qos': 0}
2021-07-27 14:19:08,945 mqtt_communication.py[line:510] INFO {'topic': 'heart_3c50f4c3-a9c1-4872-9f18-883af014380c', 'qos': 0}
2021-07-27 14:19:08,945 mqtt_communication.py[line:510] INFO {'topic': 'set_home_3c50f4c3-a9c1-4872-9f18-883af014380c', 'qos': 0}
2021-07-27 14:19:08,946 mqtt_communication.py[line:510] INFO {'topic': 'poweroff_restart_3c50f4c3-a9c1-4872-9f18-883af014380c', 'qos': 0}
2021-07-27 14:19:08,946 mqtt_communication.py[line:510] INFO {'topic': 'path_planning_confirm_3c50f4c3-a9c1-4872-9f18-883af014380c', 'qos': 0}
2021-07-27 14:19:13,518 mqtt_communication.py[line:210] INFO {'topic': 'control_data_3c50f4c3-a9c1-4872-9f18-883af014380c', 'control_move_direction': 0, 'mode': 1}
2021-07-27 14:20:59,952 mqtt_communication.py[line:510] INFO {'topic': 'pool_click_3c50f4c3-a9c1-4872-9f18-883af014380c', 'qos': 0}
2021-07-27 14:20:59,953 mqtt_communication.py[line:510] INFO {'topic': 'control_data_3c50f4c3-a9c1-4872-9f18-883af014380c', 'qos': 0}
2021-07-27 14:20:59,954 mqtt_communication.py[line:510] INFO {'topic': 'path_confirm_3c50f4c3-a9c1-4872-9f18-883af014380c', 'qos': 0}
2021-07-27 14:20:59,954 mqtt_communication.py[line:510] INFO {'topic': 'user_lng_lat_3c50f4c3-a9c1-4872-9f18-883af014380c', 'qos': 0}
2021-07-27 14:20:59,955 mqtt_communication.py[line:510] INFO {'topic': 'start_3c50f4c3-a9c1-4872-9f18-883af014380c', 'qos': 0}
2021-07-27 14:20:59,955 mqtt_communication.py[line:510] INFO {'topic': 'switch_3c50f4c3-a9c1-4872-9f18-883af014380c', 'qos': 0}
2021-07-27 14:20:59,955 mqtt_communication.py[line:510] INFO {'topic': 'pool_info_3c50f4c3-a9c1-4872-9f18-883af014380c', 'qos': 0}
2021-07-27 14:20:59,956 mqtt_communication.py[line:510] INFO {'topic': 'auto_lng_lat_3c50f4c3-a9c1-4872-9f18-883af014380c', 'qos': 0}
2021-07-27 14:20:59,956 mqtt_communication.py[line:510] INFO {'topic': 'path_planning_3c50f4c3-a9c1-4872-9f18-883af014380c', 'qos': 0}
2021-07-27 14:20:59,957 mqtt_communication.py[line:510] INFO {'topic': 'status_data_3c50f4c3-a9c1-4872-9f18-883af014380c', 'qos': 0}
2021-07-27 14:20:59,957 mqtt_communication.py[line:510] INFO {'topic': 'base_setting_3c50f4c3-a9c1-4872-9f18-883af014380c', 'qos': 0}
2021-07-27 14:20:59,958 mqtt_communication.py[line:510] INFO {'topic': 'height_setting_3c50f4c3-a9c1-4872-9f18-883af014380c', 'qos': 0}
2021-07-27 14:20:59,958 mqtt_communication.py[line:510] INFO {'topic': 'refresh_3c50f4c3-a9c1-4872-9f18-883af014380c', 'qos': 0}
2021-07-27 14:20:59,959 mqtt_communication.py[line:510] INFO {'topic': 'reset_pool_3c50f4c3-a9c1-4872-9f18-883af014380c', 'qos': 0}
2021-07-27 14:20:59,959 mqtt_communication.py[line:510] INFO {'topic': 'heart_3c50f4c3-a9c1-4872-9f18-883af014380c', 'qos': 0}
2021-07-27 14:20:59,960 mqtt_communication.py[line:510] INFO {'topic': 'set_home_3c50f4c3-a9c1-4872-9f18-883af014380c', 'qos': 0}
2021-07-27 14:20:59,960 mqtt_communication.py[line:510] INFO {'topic': 'poweroff_restart_3c50f4c3-a9c1-4872-9f18-883af014380c', 'qos': 0}
2021-07-27 14:20:59,960 mqtt_communication.py[line:510] INFO {'topic': 'path_planning_confirm_3c50f4c3-a9c1-4872-9f18-883af014380c', 'qos': 0}
2021-07-27 14:20:59,975 mqtt_communication.py[line:169] INFO Connected with result code:  0
2021-07-27 14:21:11,996 mqtt_communication.py[line:210] INFO {'topic': 'control_data_3c50f4c3-a9c1-4872-9f18-883af014380c', 'control_move_direction': 0, 'mode': 1}
2021-07-27 14:21:31,787 mqtt_communication.py[line:210] INFO {'topic': 'control_data_3c50f4c3-a9c1-4872-9f18-883af014380c', 'control_move_direction': 0, 'mode': 1}
2021-07-27 14:23:06,893 mqtt_communication.py[line:510] INFO {'topic': 'pool_click_3c50f4c3-a9c1-4872-9f18-883af014380c', 'qos': 0}
2021-07-27 14:23:06,893 mqtt_communication.py[line:510] INFO {'topic': 'control_data_3c50f4c3-a9c1-4872-9f18-883af014380c', 'qos': 0}
2021-07-27 14:23:06,894 mqtt_communication.py[line:510] INFO {'topic': 'path_confirm_3c50f4c3-a9c1-4872-9f18-883af014380c', 'qos': 0}
2021-07-27 14:23:06,894 mqtt_communication.py[line:510] INFO {'topic': 'user_lng_lat_3c50f4c3-a9c1-4872-9f18-883af014380c', 'qos': 0}
2021-07-27 14:23:07,426 mqtt_communication.py[line:510] INFO {'topic': 'start_3c50f4c3-a9c1-4872-9f18-883af014380c', 'qos': 0}
2021-07-27 14:23:07,440 mqtt_communication.py[line:510] INFO {'topic': 'switch_3c50f4c3-a9c1-4872-9f18-883af014380c', 'qos': 0}
2021-07-27 14:23:07,677 mqtt_communication.py[line:510] INFO {'topic': 'pool_info_3c50f4c3-a9c1-4872-9f18-883af014380c', 'qos': 0}
2021-07-27 14:23:07,678 mqtt_communication.py[line:169] INFO Connected with result code:  0
2021-07-27 14:23:07,678 mqtt_communication.py[line:510] INFO {'topic': 'auto_lng_lat_3c50f4c3-a9c1-4872-9f18-883af014380c', 'qos': 0}
2021-07-27 14:23:07,679 mqtt_communication.py[line:510] INFO {'topic': 'path_planning_3c50f4c3-a9c1-4872-9f18-883af014380c', 'qos': 0}
2021-07-27 14:23:07,680 mqtt_communication.py[line:510] INFO {'topic': 'status_data_3c50f4c3-a9c1-4872-9f18-883af014380c', 'qos': 0}
2021-07-27 14:23:07,681 mqtt_communication.py[line:510] INFO {'topic': 'base_setting_3c50f4c3-a9c1-4872-9f18-883af014380c', 'qos': 0}
2021-07-27 14:23:07,681 mqtt_communication.py[line:510] INFO {'topic': 'height_setting_3c50f4c3-a9c1-4872-9f18-883af014380c', 'qos': 0}
2021-07-27 14:23:07,682 mqtt_communication.py[line:510] INFO {'topic': 'refresh_3c50f4c3-a9c1-4872-9f18-883af014380c', 'qos': 0}
2021-07-27 14:23:07,682 mqtt_communication.py[line:510] INFO {'topic': 'reset_pool_3c50f4c3-a9c1-4872-9f18-883af014380c', 'qos': 0}
2021-07-27 14:23:07,683 mqtt_communication.py[line:510] INFO {'topic': 'heart_3c50f4c3-a9c1-4872-9f18-883af014380c', 'qos': 0}
2021-07-27 14:23:07,684 mqtt_communication.py[line:510] INFO {'topic': 'set_home_3c50f4c3-a9c1-4872-9f18-883af014380c', 'qos': 0}
2021-07-27 14:23:07,684 mqtt_communication.py[line:510] INFO {'topic': 'poweroff_restart_3c50f4c3-a9c1-4872-9f18-883af014380c', 'qos': 0}
2021-07-27 14:23:07,685 mqtt_communication.py[line:510] INFO {'topic': 'path_planning_confirm_3c50f4c3-a9c1-4872-9f18-883af014380c', 'qos': 0}
2021-07-27 14:23:12,665 mqtt_communication.py[line:210] INFO {'topic': 'control_data_3c50f4c3-a9c1-4872-9f18-883af014380c', 'control_move_direction': 0, 'mode': 1}
2021-07-27 14:23:18,126 mqtt_communication.py[line:210] INFO {'topic': 'control_data_3c50f4c3-a9c1-4872-9f18-883af014380c', 'control_move_direction': 0, 'mode': 1}
2021-07-27 14:23:24,004 mqtt_communication.py[line:210] INFO {'topic': 'control_data_3c50f4c3-a9c1-4872-9f18-883af014380c', 'control_move_direction': 0, 'mode': 1}
2021-07-27 14:24:54,720 mqtt_communication.py[line:510] INFO {'topic': 'pool_click_3c50f4c3-a9c1-4872-9f18-883af014380c', 'qos': 0}
2021-07-27 14:24:54,721 mqtt_communication.py[line:169] INFO Connected with result code:  0
2021-07-27 14:24:54,721 mqtt_communication.py[line:510] INFO {'topic': 'control_data_3c50f4c3-a9c1-4872-9f18-883af014380c', 'qos': 0}
2021-07-27 14:24:54,722 mqtt_communication.py[line:510] INFO {'topic': 'path_confirm_3c50f4c3-a9c1-4872-9f18-883af014380c', 'qos': 0}
2021-07-27 14:24:54,722 mqtt_communication.py[line:510] INFO {'topic': 'user_lng_lat_3c50f4c3-a9c1-4872-9f18-883af014380c', 'qos': 0}
2021-07-27 14:24:54,723 mqtt_communication.py[line:510] INFO {'topic': 'start_3c50f4c3-a9c1-4872-9f18-883af014380c', 'qos': 0}
2021-07-27 14:24:54,723 mqtt_communication.py[line:510] INFO {'topic': 'switch_3c50f4c3-a9c1-4872-9f18-883af014380c', 'qos': 0}
2021-07-27 14:24:54,724 mqtt_communication.py[line:510] INFO {'topic': 'pool_info_3c50f4c3-a9c1-4872-9f18-883af014380c', 'qos': 0}
2021-07-27 14:24:54,724 mqtt_communication.py[line:510] INFO {'topic': 'auto_lng_lat_3c50f4c3-a9c1-4872-9f18-883af014380c', 'qos': 0}
2021-07-27 14:24:54,725 mqtt_communication.py[line:510] INFO {'topic': 'path_planning_3c50f4c3-a9c1-4872-9f18-883af014380c', 'qos': 0}
2021-07-27 14:24:54,725 mqtt_communication.py[line:510] INFO {'topic': 'status_data_3c50f4c3-a9c1-4872-9f18-883af014380c', 'qos': 0}
2021-07-27 14:24:54,725 mqtt_communication.py[line:510] INFO {'topic': 'base_setting_3c50f4c3-a9c1-4872-9f18-883af014380c', 'qos': 0}
2021-07-27 14:24:54,726 mqtt_communication.py[line:510] INFO {'topic': 'height_setting_3c50f4c3-a9c1-4872-9f18-883af014380c', 'qos': 0}
2021-07-27 14:24:54,726 mqtt_communication.py[line:510] INFO {'topic': 'refresh_3c50f4c3-a9c1-4872-9f18-883af014380c', 'qos': 0}
2021-07-27 14:24:54,727 mqtt_communication.py[line:510] INFO {'topic': 'reset_pool_3c50f4c3-a9c1-4872-9f18-883af014380c', 'qos': 0}
2021-07-27 14:24:54,727 mqtt_communication.py[line:510] INFO {'topic': 'heart_3c50f4c3-a9c1-4872-9f18-883af014380c', 'qos': 0}
2021-07-27 14:24:54,728 mqtt_communication.py[line:510] INFO {'topic': 'set_home_3c50f4c3-a9c1-4872-9f18-883af014380c', 'qos': 0}
2021-07-27 14:24:54,728 mqtt_communication.py[line:510] INFO {'topic': 'poweroff_restart_3c50f4c3-a9c1-4872-9f18-883af014380c', 'qos': 0}
2021-07-27 14:24:54,729 mqtt_communication.py[line:510] INFO {'topic': 'path_planning_confirm_3c50f4c3-a9c1-4872-9f18-883af014380c', 'qos': 0}
2021-07-27 14:25:08,506 mqtt_communication.py[line:169] INFO Connected with result code:  0
2021-07-27 14:25:08,506 mqtt_communication.py[line:510] INFO {'topic': 'pool_click_3c50f4c3-a9c1-4872-9f18-883af014380c', 'qos': 0}
2021-07-27 14:25:08,507 mqtt_communication.py[line:510] INFO {'topic': 'control_data_3c50f4c3-a9c1-4872-9f18-883af014380c', 'qos': 0}
2021-07-27 14:25:08,507 mqtt_communication.py[line:510] INFO {'topic': 'path_confirm_3c50f4c3-a9c1-4872-9f18-883af014380c', 'qos': 0}
2021-07-27 14:25:08,508 mqtt_communication.py[line:510] INFO {'topic': 'user_lng_lat_3c50f4c3-a9c1-4872-9f18-883af014380c', 'qos': 0}
2021-07-27 14:25:08,508 mqtt_communication.py[line:510] INFO {'topic': 'start_3c50f4c3-a9c1-4872-9f18-883af014380c', 'qos': 0}
2021-07-27 14:25:08,509 mqtt_communication.py[line:510] INFO {'topic': 'switch_3c50f4c3-a9c1-4872-9f18-883af014380c', 'qos': 0}
2021-07-27 14:25:08,509 mqtt_communication.py[line:510] INFO {'topic': 'pool_info_3c50f4c3-a9c1-4872-9f18-883af014380c', 'qos': 0}
2021-07-27 14:25:08,510 mqtt_communication.py[line:510] INFO {'topic': 'auto_lng_lat_3c50f4c3-a9c1-4872-9f18-883af014380c', 'qos': 0}
2021-07-27 14:25:08,510 mqtt_communication.py[line:510] INFO {'topic': 'path_planning_3c50f4c3-a9c1-4872-9f18-883af014380c', 'qos': 0}
2021-07-27 14:25:08,511 mqtt_communication.py[line:510] INFO {'topic': 'status_data_3c50f4c3-a9c1-4872-9f18-883af014380c', 'qos': 0}
2021-07-27 14:25:08,511 mqtt_communication.py[line:510] INFO {'topic': 'base_setting_3c50f4c3-a9c1-4872-9f18-883af014380c', 'qos': 0}
2021-07-27 14:25:08,511 mqtt_communication.py[line:510] INFO {'topic': 'height_setting_3c50f4c3-a9c1-4872-9f18-883af014380c', 'qos': 0}
2021-07-27 14:25:08,512 mqtt_communication.py[line:510] INFO {'topic': 'refresh_3c50f4c3-a9c1-4872-9f18-883af014380c', 'qos': 0}
2021-07-27 14:25:08,512 mqtt_communication.py[line:510] INFO {'topic': 'reset_pool_3c50f4c3-a9c1-4872-9f18-883af014380c', 'qos': 0}
2021-07-27 14:25:08,512 mqtt_communication.py[line:510] INFO {'topic': 'heart_3c50f4c3-a9c1-4872-9f18-883af014380c', 'qos': 0}
2021-07-27 14:25:08,512 mqtt_communication.py[line:510] INFO {'topic': 'set_home_3c50f4c3-a9c1-4872-9f18-883af014380c', 'qos': 0}
2021-07-27 14:25:08,513 mqtt_communication.py[line:510] INFO {'topic': 'poweroff_restart_3c50f4c3-a9c1-4872-9f18-883af014380c', 'qos': 0}
2021-07-27 14:25:08,513 mqtt_communication.py[line:510] INFO {'topic': 'path_planning_confirm_3c50f4c3-a9c1-4872-9f18-883af014380c', 'qos': 0}
2021-07-27 14:25:12,995 mqtt_communication.py[line:210] INFO {'topic': 'control_data_3c50f4c3-a9c1-4872-9f18-883af014380c', 'control_move_direction': 0, 'mode': 1}
2021-07-27 14:25:56,354 mqtt_communication.py[line:510] INFO {'topic': 'pool_click_3c50f4c3-a9c1-4872-9f18-883af014380c', 'qos': 0}
2021-07-27 14:25:56,354 mqtt_communication.py[line:510] INFO {'topic': 'control_data_3c50f4c3-a9c1-4872-9f18-883af014380c', 'qos': 0}
2021-07-27 14:25:56,355 mqtt_communication.py[line:510] INFO {'topic': 'path_confirm_3c50f4c3-a9c1-4872-9f18-883af014380c', 'qos': 0}
2021-07-27 14:25:56,355 mqtt_communication.py[line:510] INFO {'topic': 'user_lng_lat_3c50f4c3-a9c1-4872-9f18-883af014380c', 'qos': 0}
2021-07-27 14:25:56,869 mqtt_communication.py[line:510] INFO {'topic': 'start_3c50f4c3-a9c1-4872-9f18-883af014380c', 'qos': 0}
2021-07-27 14:25:56,870 mqtt_communication.py[line:510] INFO {'topic': 'switch_3c50f4c3-a9c1-4872-9f18-883af014380c', 'qos': 0}
2021-07-27 14:25:56,871 mqtt_communication.py[line:169] INFO Connected with result code:  0
2021-07-27 14:25:57,004 mqtt_communication.py[line:510] INFO {'topic': 'pool_info_3c50f4c3-a9c1-4872-9f18-883af014380c', 'qos': 0}
2021-07-27 14:25:57,005 mqtt_communication.py[line:510] INFO {'topic': 'auto_lng_lat_3c50f4c3-a9c1-4872-9f18-883af014380c', 'qos': 0}
2021-07-27 14:25:57,006 mqtt_communication.py[line:510] INFO {'topic': 'path_planning_3c50f4c3-a9c1-4872-9f18-883af014380c', 'qos': 0}
2021-07-27 14:25:57,006 mqtt_communication.py[line:510] INFO {'topic': 'status_data_3c50f4c3-a9c1-4872-9f18-883af014380c', 'qos': 0}
2021-07-27 14:25:57,007 mqtt_communication.py[line:510] INFO {'topic': 'base_setting_3c50f4c3-a9c1-4872-9f18-883af014380c', 'qos': 0}
2021-07-27 14:25:57,007 mqtt_communication.py[line:510] INFO {'topic': 'height_setting_3c50f4c3-a9c1-4872-9f18-883af014380c', 'qos': 0}
2021-07-27 14:25:57,007 mqtt_communication.py[line:510] INFO {'topic': 'refresh_3c50f4c3-a9c1-4872-9f18-883af014380c', 'qos': 0}
2021-07-27 14:25:57,008 mqtt_communication.py[line:510] INFO {'topic': 'reset_pool_3c50f4c3-a9c1-4872-9f18-883af014380c', 'qos': 0}
2021-07-27 14:25:57,008 mqtt_communication.py[line:510] INFO {'topic': 'heart_3c50f4c3-a9c1-4872-9f18-883af014380c', 'qos': 0}
2021-07-27 14:25:57,008 mqtt_communication.py[line:510] INFO {'topic': 'set_home_3c50f4c3-a9c1-4872-9f18-883af014380c', 'qos': 0}
2021-07-27 14:25:57,009 mqtt_communication.py[line:510] INFO {'topic': 'poweroff_restart_3c50f4c3-a9c1-4872-9f18-883af014380c', 'qos': 0}
2021-07-27 14:25:57,009 mqtt_communication.py[line:510] INFO {'topic': 'path_planning_confirm_3c50f4c3-a9c1-4872-9f18-883af014380c', 'qos': 0}
2021-07-27 14:28:31,254 mqtt_communication.py[line:510] INFO {'topic': 'pool_click_3c50f4c3-a9c1-4872-9f18-883af014380c', 'qos': 0}
2021-07-27 14:28:31,255 mqtt_communication.py[line:169] INFO Connected with result code:  0
2021-07-27 14:28:31,255 mqtt_communication.py[line:510] INFO {'topic': 'control_data_3c50f4c3-a9c1-4872-9f18-883af014380c', 'qos': 0}
2021-07-27 14:28:31,256 mqtt_communication.py[line:510] INFO {'topic': 'path_confirm_3c50f4c3-a9c1-4872-9f18-883af014380c', 'qos': 0}
2021-07-27 14:28:31,256 mqtt_communication.py[line:510] INFO {'topic': 'user_lng_lat_3c50f4c3-a9c1-4872-9f18-883af014380c', 'qos': 0}
2021-07-27 14:28:31,256 mqtt_communication.py[line:510] INFO {'topic': 'start_3c50f4c3-a9c1-4872-9f18-883af014380c', 'qos': 0}
2021-07-27 14:28:31,257 mqtt_communication.py[line:510] INFO {'topic': 'switch_3c50f4c3-a9c1-4872-9f18-883af014380c', 'qos': 0}
2021-07-27 14:28:31,257 mqtt_communication.py[line:510] INFO {'topic': 'pool_info_3c50f4c3-a9c1-4872-9f18-883af014380c', 'qos': 0}
2021-07-27 14:28:31,258 mqtt_communication.py[line:510] INFO {'topic': 'auto_lng_lat_3c50f4c3-a9c1-4872-9f18-883af014380c', 'qos': 0}
2021-07-27 14:28:31,258 mqtt_communication.py[line:510] INFO {'topic': 'path_planning_3c50f4c3-a9c1-4872-9f18-883af014380c', 'qos': 0}
2021-07-27 14:28:31,258 mqtt_communication.py[line:510] INFO {'topic': 'status_data_3c50f4c3-a9c1-4872-9f18-883af014380c', 'qos': 0}
2021-07-27 14:28:31,258 mqtt_communication.py[line:510] INFO {'topic': 'base_setting_3c50f4c3-a9c1-4872-9f18-883af014380c', 'qos': 0}
2021-07-27 14:28:31,258 mqtt_communication.py[line:510] INFO {'topic': 'height_setting_3c50f4c3-a9c1-4872-9f18-883af014380c', 'qos': 0}
2021-07-27 14:28:31,259 mqtt_communication.py[line:510] INFO {'topic': 'refresh_3c50f4c3-a9c1-4872-9f18-883af014380c', 'qos': 0}
2021-07-27 14:28:31,259 mqtt_communication.py[line:510] INFO {'topic': 'reset_pool_3c50f4c3-a9c1-4872-9f18-883af014380c', 'qos': 0}
2021-07-27 14:28:31,259 mqtt_communication.py[line:510] INFO {'topic': 'heart_3c50f4c3-a9c1-4872-9f18-883af014380c', 'qos': 0}
2021-07-27 14:28:31,259 mqtt_communication.py[line:510] INFO {'topic': 'set_home_3c50f4c3-a9c1-4872-9f18-883af014380c', 'qos': 0}
2021-07-27 14:28:31,259 mqtt_communication.py[line:510] INFO {'topic': 'poweroff_restart_3c50f4c3-a9c1-4872-9f18-883af014380c', 'qos': 0}
2021-07-27 14:28:31,260 mqtt_communication.py[line:510] INFO {'topic': 'path_planning_confirm_3c50f4c3-a9c1-4872-9f18-883af014380c', 'qos': 0}
2021-07-27 14:28:34,931 mqtt_communication.py[line:210] INFO {'topic': 'control_data_3c50f4c3-a9c1-4872-9f18-883af014380c', 'control_move_direction': 0, 'mode': 1}
2021-07-27 14:28:37,340 mqtt_communication.py[line:210] INFO {'topic': 'control_data_3c50f4c3-a9c1-4872-9f18-883af014380c', 'control_move_direction': 0, 'mode': 1}
2021-07-27 14:28:38,664 mqtt_communication.py[line:210] INFO {'topic': 'control_data_3c50f4c3-a9c1-4872-9f18-883af014380c', 'control_move_direction': 0, 'mode': 1}
2021-07-27 14:28:39,256 mqtt_communication.py[line:210] INFO {'topic': 'control_data_3c50f4c3-a9c1-4872-9f18-883af014380c', 'control_move_direction': -1, 'mode': 1}
2021-07-27 14:51:33,889 mqtt_communication.py[line:510] INFO {'topic': 'pool_click_3c50f4c3-a9c1-4872-9f18-883af014380c', 'qos': 0}
2021-07-27 14:51:33,889 mqtt_communication.py[line:510] INFO {'topic': 'control_data_3c50f4c3-a9c1-4872-9f18-883af014380c', 'qos': 0}
2021-07-27 14:51:33,890 mqtt_communication.py[line:510] INFO {'topic': 'path_confirm_3c50f4c3-a9c1-4872-9f18-883af014380c', 'qos': 0}
2021-07-27 14:51:33,891 mqtt_communication.py[line:510] INFO {'topic': 'user_lng_lat_3c50f4c3-a9c1-4872-9f18-883af014380c', 'qos': 0}
2021-07-27 14:51:33,891 mqtt_communication.py[line:510] INFO {'topic': 'start_3c50f4c3-a9c1-4872-9f18-883af014380c', 'qos': 0}
2021-07-27 14:51:33,891 mqtt_communication.py[line:510] INFO {'topic': 'switch_3c50f4c3-a9c1-4872-9f18-883af014380c', 'qos': 0}
2021-07-27 14:51:33,892 mqtt_communication.py[line:510] INFO {'topic': 'pool_info_3c50f4c3-a9c1-4872-9f18-883af014380c', 'qos': 0}
2021-07-27 14:51:33,892 mqtt_communication.py[line:510] INFO {'topic': 'auto_lng_lat_3c50f4c3-a9c1-4872-9f18-883af014380c', 'qos': 0}
2021-07-27 14:51:33,893 mqtt_communication.py[line:510] INFO {'topic': 'path_planning_3c50f4c3-a9c1-4872-9f18-883af014380c', 'qos': 0}
2021-07-27 14:51:33,893 mqtt_communication.py[line:510] INFO {'topic': 'status_data_3c50f4c3-a9c1-4872-9f18-883af014380c', 'qos': 0}
2021-07-27 14:51:33,893 mqtt_communication.py[line:510] INFO {'topic': 'base_setting_3c50f4c3-a9c1-4872-9f18-883af014380c', 'qos': 0}
2021-07-27 14:51:33,894 mqtt_communication.py[line:510] INFO {'topic': 'height_setting_3c50f4c3-a9c1-4872-9f18-883af014380c', 'qos': 0}
2021-07-27 14:51:33,894 mqtt_communication.py[line:510] INFO {'topic': 'refresh_3c50f4c3-a9c1-4872-9f18-883af014380c', 'qos': 0}
2021-07-27 14:51:33,895 mqtt_communication.py[line:510] INFO {'topic': 'reset_pool_3c50f4c3-a9c1-4872-9f18-883af014380c', 'qos': 0}
2021-07-27 14:51:33,895 mqtt_communication.py[line:510] INFO {'topic': 'heart_3c50f4c3-a9c1-4872-9f18-883af014380c', 'qos': 0}
2021-07-27 14:51:33,896 mqtt_communication.py[line:510] INFO {'topic': 'set_home_3c50f4c3-a9c1-4872-9f18-883af014380c', 'qos': 0}
2021-07-27 14:51:33,896 mqtt_communication.py[line:510] INFO {'topic': 'poweroff_restart_3c50f4c3-a9c1-4872-9f18-883af014380c', 'qos': 0}
2021-07-27 14:51:33,896 mqtt_communication.py[line:510] INFO {'topic': 'path_planning_confirm_3c50f4c3-a9c1-4872-9f18-883af014380c', 'qos': 0}
2021-07-27 14:51:33,914 mqtt_communication.py[line:169] INFO Connected with result code:  0
2021-07-27 14:56:54,432 mqtt_communication.py[line:510] INFO {'topic': 'pool_click_3c50f4c3-a9c1-4872-9f18-883af014380c', 'qos': 0}
2021-07-27 14:56:54,432 mqtt_communication.py[line:169] INFO Connected with result code:  0
2021-07-27 14:56:54,433 mqtt_communication.py[line:510] INFO {'topic': 'control_data_3c50f4c3-a9c1-4872-9f18-883af014380c', 'qos': 0}
2021-07-27 14:56:54,433 mqtt_communication.py[line:510] INFO {'topic': 'path_confirm_3c50f4c3-a9c1-4872-9f18-883af014380c', 'qos': 0}
2021-07-27 14:56:54,434 mqtt_communication.py[line:510] INFO {'topic': 'user_lng_lat_3c50f4c3-a9c1-4872-9f18-883af014380c', 'qos': 0}
2021-07-27 14:56:54,434 mqtt_communication.py[line:510] INFO {'topic': 'start_3c50f4c3-a9c1-4872-9f18-883af014380c', 'qos': 0}
2021-07-27 14:56:54,434 mqtt_communication.py[line:510] INFO {'topic': 'switch_3c50f4c3-a9c1-4872-9f18-883af014380c', 'qos': 0}
2021-07-27 14:56:54,435 mqtt_communication.py[line:510] INFO {'topic': 'pool_info_3c50f4c3-a9c1-4872-9f18-883af014380c', 'qos': 0}
2021-07-27 14:56:54,435 mqtt_communication.py[line:510] INFO {'topic': 'auto_lng_lat_3c50f4c3-a9c1-4872-9f18-883af014380c', 'qos': 0}
2021-07-27 14:56:54,436 mqtt_communication.py[line:510] INFO {'topic': 'path_planning_3c50f4c3-a9c1-4872-9f18-883af014380c', 'qos': 0}
2021-07-27 14:56:54,436 mqtt_communication.py[line:510] INFO {'topic': 'status_data_3c50f4c3-a9c1-4872-9f18-883af014380c', 'qos': 0}
2021-07-27 14:56:54,437 mqtt_communication.py[line:510] INFO {'topic': 'base_setting_3c50f4c3-a9c1-4872-9f18-883af014380c', 'qos': 0}
2021-07-27 14:56:54,437 mqtt_communication.py[line:510] INFO {'topic': 'height_setting_3c50f4c3-a9c1-4872-9f18-883af014380c', 'qos': 0}
2021-07-27 14:56:54,438 mqtt_communication.py[line:510] INFO {'topic': 'refresh_3c50f4c3-a9c1-4872-9f18-883af014380c', 'qos': 0}
2021-07-27 14:56:54,438 mqtt_communication.py[line:510] INFO {'topic': 'reset_pool_3c50f4c3-a9c1-4872-9f18-883af014380c', 'qos': 0}
2021-07-27 14:56:54,439 mqtt_communication.py[line:510] INFO {'topic': 'heart_3c50f4c3-a9c1-4872-9f18-883af014380c', 'qos': 0}
2021-07-27 14:56:54,439 mqtt_communication.py[line:510] INFO {'topic': 'set_home_3c50f4c3-a9c1-4872-9f18-883af014380c', 'qos': 0}
2021-07-27 14:56:54,440 mqtt_communication.py[line:510] INFO {'topic': 'poweroff_restart_3c50f4c3-a9c1-4872-9f18-883af014380c', 'qos': 0}
2021-07-27 14:56:54,440 mqtt_communication.py[line:510] INFO {'topic': 'path_planning_confirm_3c50f4c3-a9c1-4872-9f18-883af014380c', 'qos': 0}
2021-07-27 14:57:51,361 mqtt_communication.py[line:510] INFO {'topic': 'pool_click_3c50f4c3-a9c1-4872-9f18-883af014380c', 'qos': 0}
2021-07-27 14:57:51,362 mqtt_communication.py[line:510] INFO {'topic': 'control_data_3c50f4c3-a9c1-4872-9f18-883af014380c', 'qos': 0}
2021-07-27 14:57:51,362 mqtt_communication.py[line:510] INFO {'topic': 'path_confirm_3c50f4c3-a9c1-4872-9f18-883af014380c', 'qos': 0}
2021-07-27 14:57:51,362 mqtt_communication.py[line:510] INFO {'topic': 'user_lng_lat_3c50f4c3-a9c1-4872-9f18-883af014380c', 'qos': 0}
2021-07-27 14:57:51,362 mqtt_communication.py[line:510] INFO {'topic': 'start_3c50f4c3-a9c1-4872-9f18-883af014380c', 'qos': 0}
2021-07-27 14:57:51,363 mqtt_communication.py[line:510] INFO {'topic': 'switch_3c50f4c3-a9c1-4872-9f18-883af014380c', 'qos': 0}
2021-07-27 14:57:51,363 mqtt_communication.py[line:510] INFO {'topic': 'pool_info_3c50f4c3-a9c1-4872-9f18-883af014380c', 'qos': 0}
2021-07-27 14:57:51,363 mqtt_communication.py[line:510] INFO {'topic': 'auto_lng_lat_3c50f4c3-a9c1-4872-9f18-883af014380c', 'qos': 0}
2021-07-27 14:57:51,363 mqtt_communication.py[line:510] INFO {'topic': 'path_planning_3c50f4c3-a9c1-4872-9f18-883af014380c', 'qos': 0}
2021-07-27 14:57:51,363 mqtt_communication.py[line:510] INFO {'topic': 'status_data_3c50f4c3-a9c1-4872-9f18-883af014380c', 'qos': 0}
2021-07-27 14:57:51,364 mqtt_communication.py[line:510] INFO {'topic': 'base_setting_3c50f4c3-a9c1-4872-9f18-883af014380c', 'qos': 0}
2021-07-27 14:57:51,364 mqtt_communication.py[line:510] INFO {'topic': 'height_setting_3c50f4c3-a9c1-4872-9f18-883af014380c', 'qos': 0}
2021-07-27 14:57:51,364 mqtt_communication.py[line:510] INFO {'topic': 'refresh_3c50f4c3-a9c1-4872-9f18-883af014380c', 'qos': 0}
2021-07-27 14:57:51,364 mqtt_communication.py[line:510] INFO {'topic': 'reset_pool_3c50f4c3-a9c1-4872-9f18-883af014380c', 'qos': 0}
2021-07-27 14:57:51,364 mqtt_communication.py[line:510] INFO {'topic': 'heart_3c50f4c3-a9c1-4872-9f18-883af014380c', 'qos': 0}
2021-07-27 14:57:51,364 mqtt_communication.py[line:510] INFO {'topic': 'set_home_3c50f4c3-a9c1-4872-9f18-883af014380c', 'qos': 0}
2021-07-27 14:57:51,365 mqtt_communication.py[line:510] INFO {'topic': 'poweroff_restart_3c50f4c3-a9c1-4872-9f18-883af014380c', 'qos': 0}
2021-07-27 14:57:51,365 mqtt_communication.py[line:510] INFO {'topic': 'path_planning_confirm_3c50f4c3-a9c1-4872-9f18-883af014380c', 'qos': 0}
2021-07-27 14:57:51,381 mqtt_communication.py[line:169] INFO Connected with result code:  0
2021-07-27 14:58:54,906 mqtt_communication.py[line:510] INFO {'topic': 'pool_click_3c50f4c3-a9c1-4872-9f18-883af014380c', 'qos': 0}
2021-07-27 14:58:54,907 mqtt_communication.py[line:169] INFO Connected with result code:  0
2021-07-27 14:58:54,907 mqtt_communication.py[line:510] INFO {'topic': 'control_data_3c50f4c3-a9c1-4872-9f18-883af014380c', 'qos': 0}
2021-07-27 14:58:54,908 mqtt_communication.py[line:510] INFO {'topic': 'path_confirm_3c50f4c3-a9c1-4872-9f18-883af014380c', 'qos': 0}
2021-07-27 14:58:54,908 mqtt_communication.py[line:510] INFO {'topic': 'user_lng_lat_3c50f4c3-a9c1-4872-9f18-883af014380c', 'qos': 0}
2021-07-27 14:58:54,909 mqtt_communication.py[line:510] INFO {'topic': 'start_3c50f4c3-a9c1-4872-9f18-883af014380c', 'qos': 0}
2021-07-27 14:58:54,909 mqtt_communication.py[line:510] INFO {'topic': 'switch_3c50f4c3-a9c1-4872-9f18-883af014380c', 'qos': 0}
2021-07-27 14:58:54,910 mqtt_communication.py[line:510] INFO {'topic': 'pool_info_3c50f4c3-a9c1-4872-9f18-883af014380c', 'qos': 0}
2021-07-27 14:58:54,910 mqtt_communication.py[line:510] INFO {'topic': 'auto_lng_lat_3c50f4c3-a9c1-4872-9f18-883af014380c', 'qos': 0}
2021-07-27 14:58:54,911 mqtt_communication.py[line:510] INFO {'topic': 'path_planning_3c50f4c3-a9c1-4872-9f18-883af014380c', 'qos': 0}
2021-07-27 14:58:54,911 mqtt_communication.py[line:510] INFO {'topic': 'status_data_3c50f4c3-a9c1-4872-9f18-883af014380c', 'qos': 0}
2021-07-27 14:58:54,912 mqtt_communication.py[line:510] INFO {'topic': 'base_setting_3c50f4c3-a9c1-4872-9f18-883af014380c', 'qos': 0}
2021-07-27 14:58:54,912 mqtt_communication.py[line:510] INFO {'topic': 'height_setting_3c50f4c3-a9c1-4872-9f18-883af014380c', 'qos': 0}
2021-07-27 14:58:54,912 mqtt_communication.py[line:510] INFO {'topic': 'refresh_3c50f4c3-a9c1-4872-9f18-883af014380c', 'qos': 0}
2021-07-27 14:58:54,912 mqtt_communication.py[line:510] INFO {'topic': 'reset_pool_3c50f4c3-a9c1-4872-9f18-883af014380c', 'qos': 0}
2021-07-27 14:58:54,913 mqtt_communication.py[line:510] INFO {'topic': 'heart_3c50f4c3-a9c1-4872-9f18-883af014380c', 'qos': 0}
2021-07-27 14:58:54,913 mqtt_communication.py[line:510] INFO {'topic': 'set_home_3c50f4c3-a9c1-4872-9f18-883af014380c', 'qos': 0}
2021-07-27 14:58:54,913 mqtt_communication.py[line:510] INFO {'topic': 'poweroff_restart_3c50f4c3-a9c1-4872-9f18-883af014380c', 'qos': 0}
2021-07-27 14:58:54,913 mqtt_communication.py[line:510] INFO {'topic': 'path_planning_confirm_3c50f4c3-a9c1-4872-9f18-883af014380c', 'qos': 0}
2021-07-27 14:59:28,629 mqtt_communication.py[line:510] INFO {'topic': 'pool_click_3c50f4c3-a9c1-4872-9f18-883af014380c', 'qos': 0}
2021-07-27 14:59:28,629 mqtt_communication.py[line:169] INFO Connected with result code:  0
2021-07-27 14:59:28,630 mqtt_communication.py[line:510] INFO {'topic': 'control_data_3c50f4c3-a9c1-4872-9f18-883af014380c', 'qos': 0}
2021-07-27 14:59:28,630 mqtt_communication.py[line:510] INFO {'topic': 'path_confirm_3c50f4c3-a9c1-4872-9f18-883af014380c', 'qos': 0}
2021-07-27 14:59:28,630 mqtt_communication.py[line:510] INFO {'topic': 'user_lng_lat_3c50f4c3-a9c1-4872-9f18-883af014380c', 'qos': 0}
2021-07-27 14:59:28,631 mqtt_communication.py[line:510] INFO {'topic': 'start_3c50f4c3-a9c1-4872-9f18-883af014380c', 'qos': 0}
2021-07-27 14:59:28,631 mqtt_communication.py[line:510] INFO {'topic': 'switch_3c50f4c3-a9c1-4872-9f18-883af014380c', 'qos': 0}
2021-07-27 14:59:28,632 mqtt_communication.py[line:510] INFO {'topic': 'pool_info_3c50f4c3-a9c1-4872-9f18-883af014380c', 'qos': 0}
2021-07-27 14:59:28,632 mqtt_communication.py[line:510] INFO {'topic': 'auto_lng_lat_3c50f4c3-a9c1-4872-9f18-883af014380c', 'qos': 0}
2021-07-27 14:59:28,633 mqtt_communication.py[line:510] INFO {'topic': 'path_planning_3c50f4c3-a9c1-4872-9f18-883af014380c', 'qos': 0}
2021-07-27 14:59:28,633 mqtt_communication.py[line:510] INFO {'topic': 'status_data_3c50f4c3-a9c1-4872-9f18-883af014380c', 'qos': 0}
2021-07-27 14:59:28,634 mqtt_communication.py[line:510] INFO {'topic': 'base_setting_3c50f4c3-a9c1-4872-9f18-883af014380c', 'qos': 0}
2021-07-27 14:59:28,634 mqtt_communication.py[line:510] INFO {'topic': 'height_setting_3c50f4c3-a9c1-4872-9f18-883af014380c', 'qos': 0}
2021-07-27 14:59:28,635 mqtt_communication.py[line:510] INFO {'topic': 'refresh_3c50f4c3-a9c1-4872-9f18-883af014380c', 'qos': 0}
2021-07-27 14:59:28,635 mqtt_communication.py[line:510] INFO {'topic': 'reset_pool_3c50f4c3-a9c1-4872-9f18-883af014380c', 'qos': 0}
2021-07-27 14:59:28,636 mqtt_communication.py[line:510] INFO {'topic': 'heart_3c50f4c3-a9c1-4872-9f18-883af014380c', 'qos': 0}
2021-07-27 14:59:28,636 mqtt_communication.py[line:510] INFO {'topic': 'set_home_3c50f4c3-a9c1-4872-9f18-883af014380c', 'qos': 0}
2021-07-27 14:59:28,637 mqtt_communication.py[line:510] INFO {'topic': 'poweroff_restart_3c50f4c3-a9c1-4872-9f18-883af014380c', 'qos': 0}
2021-07-27 14:59:28,637 mqtt_communication.py[line:510] INFO {'topic': 'path_planning_confirm_3c50f4c3-a9c1-4872-9f18-883af014380c', 'qos': 0}
2021-07-27 15:00:24,458 mqtt_communication.py[line:510] INFO {'topic': 'pool_click_3c50f4c3-a9c1-4872-9f18-883af014380c', 'qos': 0}
2021-07-27 15:00:24,458 mqtt_communication.py[line:169] INFO Connected with result code:  0
2021-07-27 15:00:24,459 mqtt_communication.py[line:510] INFO {'topic': 'control_data_3c50f4c3-a9c1-4872-9f18-883af014380c', 'qos': 0}
2021-07-27 15:00:24,459 mqtt_communication.py[line:510] INFO {'topic': 'path_confirm_3c50f4c3-a9c1-4872-9f18-883af014380c', 'qos': 0}
2021-07-27 15:00:24,460 mqtt_communication.py[line:510] INFO {'topic': 'user_lng_lat_3c50f4c3-a9c1-4872-9f18-883af014380c', 'qos': 0}
2021-07-27 15:00:24,460 mqtt_communication.py[line:510] INFO {'topic': 'start_3c50f4c3-a9c1-4872-9f18-883af014380c', 'qos': 0}
2021-07-27 15:00:24,461 mqtt_communication.py[line:510] INFO {'topic': 'switch_3c50f4c3-a9c1-4872-9f18-883af014380c', 'qos': 0}
2021-07-27 15:00:24,461 mqtt_communication.py[line:510] INFO {'topic': 'pool_info_3c50f4c3-a9c1-4872-9f18-883af014380c', 'qos': 0}
2021-07-27 15:00:24,462 mqtt_communication.py[line:510] INFO {'topic': 'auto_lng_lat_3c50f4c3-a9c1-4872-9f18-883af014380c', 'qos': 0}
2021-07-27 15:00:24,462 mqtt_communication.py[line:510] INFO {'topic': 'path_planning_3c50f4c3-a9c1-4872-9f18-883af014380c', 'qos': 0}
2021-07-27 15:00:24,462 mqtt_communication.py[line:510] INFO {'topic': 'status_data_3c50f4c3-a9c1-4872-9f18-883af014380c', 'qos': 0}
2021-07-27 15:00:24,463 mqtt_communication.py[line:510] INFO {'topic': 'base_setting_3c50f4c3-a9c1-4872-9f18-883af014380c', 'qos': 0}
2021-07-27 15:00:24,464 mqtt_communication.py[line:510] INFO {'topic': 'height_setting_3c50f4c3-a9c1-4872-9f18-883af014380c', 'qos': 0}
2021-07-27 15:00:24,464 mqtt_communication.py[line:510] INFO {'topic': 'refresh_3c50f4c3-a9c1-4872-9f18-883af014380c', 'qos': 0}
2021-07-27 15:00:24,465 mqtt_communication.py[line:510] INFO {'topic': 'reset_pool_3c50f4c3-a9c1-4872-9f18-883af014380c', 'qos': 0}
2021-07-27 15:00:24,465 mqtt_communication.py[line:510] INFO {'topic': 'heart_3c50f4c3-a9c1-4872-9f18-883af014380c', 'qos': 0}
2021-07-27 15:00:24,465 mqtt_communication.py[line:510] INFO {'topic': 'set_home_3c50f4c3-a9c1-4872-9f18-883af014380c', 'qos': 0}
2021-07-27 15:00:24,466 mqtt_communication.py[line:510] INFO {'topic': 'poweroff_restart_3c50f4c3-a9c1-4872-9f18-883af014380c', 'qos': 0}
2021-07-27 15:00:24,466 mqtt_communication.py[line:510] INFO {'topic': 'path_planning_confirm_3c50f4c3-a9c1-4872-9f18-883af014380c', 'qos': 0}
2021-07-27 15:27:20,146 mqtt_communication.py[line:510] INFO {'topic': 'pool_click_3c50f4c3-a9c1-4872-9f18-883af014380c', 'qos': 0}
2021-07-27 15:27:20,146 mqtt_communication.py[line:169] INFO Connected with result code:  0
2021-07-27 15:27:20,147 mqtt_communication.py[line:510] INFO {'topic': 'control_data_3c50f4c3-a9c1-4872-9f18-883af014380c', 'qos': 0}
2021-07-27 15:27:20,147 mqtt_communication.py[line:510] INFO {'topic': 'path_confirm_3c50f4c3-a9c1-4872-9f18-883af014380c', 'qos': 0}
2021-07-27 15:27:20,148 mqtt_communication.py[line:510] INFO {'topic': 'user_lng_lat_3c50f4c3-a9c1-4872-9f18-883af014380c', 'qos': 0}
2021-07-27 15:27:20,148 mqtt_communication.py[line:510] INFO {'topic': 'start_3c50f4c3-a9c1-4872-9f18-883af014380c', 'qos': 0}
2021-07-27 15:27:20,149 mqtt_communication.py[line:510] INFO {'topic': 'switch_3c50f4c3-a9c1-4872-9f18-883af014380c', 'qos': 0}
2021-07-27 15:27:20,149 mqtt_communication.py[line:510] INFO {'topic': 'pool_info_3c50f4c3-a9c1-4872-9f18-883af014380c', 'qos': 0}
2021-07-27 15:27:20,150 mqtt_communication.py[line:510] INFO {'topic': 'auto_lng_lat_3c50f4c3-a9c1-4872-9f18-883af014380c', 'qos': 0}
2021-07-27 15:27:20,150 mqtt_communication.py[line:510] INFO {'topic': 'path_planning_3c50f4c3-a9c1-4872-9f18-883af014380c', 'qos': 0}
2021-07-27 15:27:20,151 mqtt_communication.py[line:510] INFO {'topic': 'status_data_3c50f4c3-a9c1-4872-9f18-883af014380c', 'qos': 0}
2021-07-27 15:27:20,151 mqtt_communication.py[line:510] INFO {'topic': 'base_setting_3c50f4c3-a9c1-4872-9f18-883af014380c', 'qos': 0}
2021-07-27 15:27:20,152 mqtt_communication.py[line:510] INFO {'topic': 'height_setting_3c50f4c3-a9c1-4872-9f18-883af014380c', 'qos': 0}
2021-07-27 15:27:20,152 mqtt_communication.py[line:510] INFO {'topic': 'refresh_3c50f4c3-a9c1-4872-9f18-883af014380c', 'qos': 0}
2021-07-27 15:27:20,152 mqtt_communication.py[line:510] INFO {'topic': 'reset_pool_3c50f4c3-a9c1-4872-9f18-883af014380c', 'qos': 0}
2021-07-27 15:27:20,153 mqtt_communication.py[line:510] INFO {'topic': 'heart_3c50f4c3-a9c1-4872-9f18-883af014380c', 'qos': 0}
2021-07-27 15:27:20,154 mqtt_communication.py[line:510] INFO {'topic': 'set_home_3c50f4c3-a9c1-4872-9f18-883af014380c', 'qos': 0}
2021-07-27 15:27:20,154 mqtt_communication.py[line:510] INFO {'topic': 'poweroff_restart_3c50f4c3-a9c1-4872-9f18-883af014380c', 'qos': 0}
2021-07-27 15:27:20,155 mqtt_communication.py[line:510] INFO {'topic': 'path_planning_confirm_3c50f4c3-a9c1-4872-9f18-883af014380c', 'qos': 0}
2021-07-27 15:30:08,497 mqtt_communication.py[line:169] INFO Connected with result code:  0
2021-07-27 15:30:08,497 mqtt_communication.py[line:510] INFO {'topic': 'pool_click_3c50f4c3-a9c1-4872-9f18-883af014380c', 'qos': 0}
2021-07-27 15:30:08,689 mqtt_communication.py[line:510] INFO {'topic': 'control_data_3c50f4c3-a9c1-4872-9f18-883af014380c', 'qos': 0}
2021-07-27 15:30:08,690 mqtt_communication.py[line:510] INFO {'topic': 'path_confirm_3c50f4c3-a9c1-4872-9f18-883af014380c', 'qos': 0}
2021-07-27 15:30:08,691 mqtt_communication.py[line:510] INFO {'topic': 'user_lng_lat_3c50f4c3-a9c1-4872-9f18-883af014380c', 'qos': 0}
2021-07-27 15:30:08,691 mqtt_communication.py[line:510] INFO {'topic': 'start_3c50f4c3-a9c1-4872-9f18-883af014380c', 'qos': 0}
2021-07-27 15:30:08,692 mqtt_communication.py[line:510] INFO {'topic': 'switch_3c50f4c3-a9c1-4872-9f18-883af014380c', 'qos': 0}
2021-07-27 15:30:08,692 mqtt_communication.py[line:510] INFO {'topic': 'pool_info_3c50f4c3-a9c1-4872-9f18-883af014380c', 'qos': 0}
2021-07-27 15:30:08,692 mqtt_communication.py[line:510] INFO {'topic': 'auto_lng_lat_3c50f4c3-a9c1-4872-9f18-883af014380c', 'qos': 0}
2021-07-27 15:30:08,692 mqtt_communication.py[line:510] INFO {'topic': 'path_planning_3c50f4c3-a9c1-4872-9f18-883af014380c', 'qos': 0}
2021-07-27 15:30:08,693 mqtt_communication.py[line:510] INFO {'topic': 'status_data_3c50f4c3-a9c1-4872-9f18-883af014380c', 'qos': 0}
2021-07-27 15:30:08,693 mqtt_communication.py[line:510] INFO {'topic': 'base_setting_3c50f4c3-a9c1-4872-9f18-883af014380c', 'qos': 0}
2021-07-27 15:30:08,694 mqtt_communication.py[line:510] INFO {'topic': 'height_setting_3c50f4c3-a9c1-4872-9f18-883af014380c', 'qos': 0}
2021-07-27 15:30:08,694 mqtt_communication.py[line:510] INFO {'topic': 'refresh_3c50f4c3-a9c1-4872-9f18-883af014380c', 'qos': 0}
2021-07-27 15:30:08,695 mqtt_communication.py[line:510] INFO {'topic': 'reset_pool_3c50f4c3-a9c1-4872-9f18-883af014380c', 'qos': 0}
2021-07-27 15:30:08,695 mqtt_communication.py[line:510] INFO {'topic': 'heart_3c50f4c3-a9c1-4872-9f18-883af014380c', 'qos': 0}
2021-07-27 15:30:08,696 mqtt_communication.py[line:510] INFO {'topic': 'set_home_3c50f4c3-a9c1-4872-9f18-883af014380c', 'qos': 0}
2021-07-27 15:30:08,696 mqtt_communication.py[line:510] INFO {'topic': 'poweroff_restart_3c50f4c3-a9c1-4872-9f18-883af014380c', 'qos': 0}
2021-07-27 15:30:08,697 mqtt_communication.py[line:510] INFO {'topic': 'path_planning_confirm_3c50f4c3-a9c1-4872-9f18-883af014380c', 'qos': 0}
2021-07-27 15:30:30,787 mqtt_communication.py[line:510] INFO {'topic': 'pool_click_3c50f4c3-a9c1-4872-9f18-883af014380c', 'qos': 0}
2021-07-27 15:30:30,966 mqtt_communication.py[line:169] INFO Connected with result code:  0
2021-07-27 15:30:30,967 mqtt_communication.py[line:510] INFO {'topic': 'control_data_3c50f4c3-a9c1-4872-9f18-883af014380c', 'qos': 0}
2021-07-27 15:30:30,968 mqtt_communication.py[line:510] INFO {'topic': 'path_confirm_3c50f4c3-a9c1-4872-9f18-883af014380c', 'qos': 0}
2021-07-27 15:30:30,968 mqtt_communication.py[line:510] INFO {'topic': 'user_lng_lat_3c50f4c3-a9c1-4872-9f18-883af014380c', 'qos': 0}
2021-07-27 15:30:30,969 mqtt_communication.py[line:510] INFO {'topic': 'start_3c50f4c3-a9c1-4872-9f18-883af014380c', 'qos': 0}
2021-07-27 15:30:30,969 mqtt_communication.py[line:510] INFO {'topic': 'switch_3c50f4c3-a9c1-4872-9f18-883af014380c', 'qos': 0}
2021-07-27 15:30:30,970 mqtt_communication.py[line:510] INFO {'topic': 'pool_info_3c50f4c3-a9c1-4872-9f18-883af014380c', 'qos': 0}
2021-07-27 15:30:30,970 mqtt_communication.py[line:510] INFO {'topic': 'auto_lng_lat_3c50f4c3-a9c1-4872-9f18-883af014380c', 'qos': 0}
2021-07-27 15:30:30,971 mqtt_communication.py[line:510] INFO {'topic': 'path_planning_3c50f4c3-a9c1-4872-9f18-883af014380c', 'qos': 0}
2021-07-27 15:30:30,972 mqtt_communication.py[line:510] INFO {'topic': 'status_data_3c50f4c3-a9c1-4872-9f18-883af014380c', 'qos': 0}
2021-07-27 15:30:30,972 mqtt_communication.py[line:510] INFO {'topic': 'base_setting_3c50f4c3-a9c1-4872-9f18-883af014380c', 'qos': 0}
2021-07-27 15:30:30,972 mqtt_communication.py[line:510] INFO {'topic': 'height_setting_3c50f4c3-a9c1-4872-9f18-883af014380c', 'qos': 0}
2021-07-27 15:30:30,973 mqtt_communication.py[line:510] INFO {'topic': 'refresh_3c50f4c3-a9c1-4872-9f18-883af014380c', 'qos': 0}
2021-07-27 15:30:30,974 mqtt_communication.py[line:510] INFO {'topic': 'reset_pool_3c50f4c3-a9c1-4872-9f18-883af014380c', 'qos': 0}
2021-07-27 15:30:30,974 mqtt_communication.py[line:510] INFO {'topic': 'heart_3c50f4c3-a9c1-4872-9f18-883af014380c', 'qos': 0}
2021-07-27 15:30:30,974 mqtt_communication.py[line:510] INFO {'topic': 'set_home_3c50f4c3-a9c1-4872-9f18-883af014380c', 'qos': 0}
2021-07-27 15:30:30,974 mqtt_communication.py[line:510] INFO {'topic': 'poweroff_restart_3c50f4c3-a9c1-4872-9f18-883af014380c', 'qos': 0}
2021-07-27 15:30:30,975 mqtt_communication.py[line:510] INFO {'topic': 'path_planning_confirm_3c50f4c3-a9c1-4872-9f18-883af014380c', 'qos': 0}
2021-07-27 15:33:04,002 mqtt_communication.py[line:510] INFO {'topic': 'pool_click_3c50f4c3-a9c1-4872-9f18-883af014380c', 'qos': 0}
2021-07-27 15:33:04,003 mqtt_communication.py[line:169] INFO Connected with result code:  0
2021-07-27 15:33:04,004 mqtt_communication.py[line:510] INFO {'topic': 'control_data_3c50f4c3-a9c1-4872-9f18-883af014380c', 'qos': 0}
2021-07-27 15:33:04,004 mqtt_communication.py[line:510] INFO {'topic': 'path_confirm_3c50f4c3-a9c1-4872-9f18-883af014380c', 'qos': 0}
2021-07-27 15:33:04,005 mqtt_communication.py[line:510] INFO {'topic': 'user_lng_lat_3c50f4c3-a9c1-4872-9f18-883af014380c', 'qos': 0}
2021-07-27 15:33:04,005 mqtt_communication.py[line:510] INFO {'topic': 'start_3c50f4c3-a9c1-4872-9f18-883af014380c', 'qos': 0}
2021-07-27 15:33:04,006 mqtt_communication.py[line:510] INFO {'topic': 'switch_3c50f4c3-a9c1-4872-9f18-883af014380c', 'qos': 0}
2021-07-27 15:33:04,006 mqtt_communication.py[line:510] INFO {'topic': 'pool_info_3c50f4c3-a9c1-4872-9f18-883af014380c', 'qos': 0}
2021-07-27 15:33:04,006 mqtt_communication.py[line:510] INFO {'topic': 'auto_lng_lat_3c50f4c3-a9c1-4872-9f18-883af014380c', 'qos': 0}
2021-07-27 15:33:04,007 mqtt_communication.py[line:510] INFO {'topic': 'path_planning_3c50f4c3-a9c1-4872-9f18-883af014380c', 'qos': 0}
2021-07-27 15:33:04,007 mqtt_communication.py[line:510] INFO {'topic': 'status_data_3c50f4c3-a9c1-4872-9f18-883af014380c', 'qos': 0}
2021-07-27 15:33:04,008 mqtt_communication.py[line:510] INFO {'topic': 'base_setting_3c50f4c3-a9c1-4872-9f18-883af014380c', 'qos': 0}
2021-07-27 15:33:04,008 mqtt_communication.py[line:510] INFO {'topic': 'height_setting_3c50f4c3-a9c1-4872-9f18-883af014380c', 'qos': 0}
2021-07-27 15:33:04,009 mqtt_communication.py[line:510] INFO {'topic': 'refresh_3c50f4c3-a9c1-4872-9f18-883af014380c', 'qos': 0}
2021-07-27 15:33:04,009 mqtt_communication.py[line:510] INFO {'topic': 'reset_pool_3c50f4c3-a9c1-4872-9f18-883af014380c', 'qos': 0}
2021-07-27 15:33:04,010 mqtt_communication.py[line:510] INFO {'topic': 'heart_3c50f4c3-a9c1-4872-9f18-883af014380c', 'qos': 0}
2021-07-27 15:33:04,010 mqtt_communication.py[line:510] INFO {'topic': 'set_home_3c50f4c3-a9c1-4872-9f18-883af014380c', 'qos': 0}
2021-07-27 15:33:04,011 mqtt_communication.py[line:510] INFO {'topic': 'poweroff_restart_3c50f4c3-a9c1-4872-9f18-883af014380c', 'qos': 0}
2021-07-27 15:33:04,011 mqtt_communication.py[line:510] INFO {'topic': 'path_planning_confirm_3c50f4c3-a9c1-4872-9f18-883af014380c', 'qos': 0}
2021-07-27 15:34:08,931 mqtt_communication.py[line:510] INFO {'topic': 'pool_click_3c50f4c3-a9c1-4872-9f18-883af014380c', 'qos': 0}
2021-07-27 15:34:08,950 mqtt_communication.py[line:510] INFO {'topic': 'control_data_3c50f4c3-a9c1-4872-9f18-883af014380c', 'qos': 0}
2021-07-27 15:34:09,097 mqtt_communication.py[line:510] INFO {'topic': 'path_confirm_3c50f4c3-a9c1-4872-9f18-883af014380c', 'qos': 0}
2021-07-27 15:34:09,097 mqtt_communication.py[line:169] INFO Connected with result code:  0
2021-07-27 15:34:09,098 mqtt_communication.py[line:510] INFO {'topic': 'user_lng_lat_3c50f4c3-a9c1-4872-9f18-883af014380c', 'qos': 0}
2021-07-27 15:34:09,099 mqtt_communication.py[line:510] INFO {'topic': 'start_3c50f4c3-a9c1-4872-9f18-883af014380c', 'qos': 0}
2021-07-27 15:34:09,100 mqtt_communication.py[line:510] INFO {'topic': 'switch_3c50f4c3-a9c1-4872-9f18-883af014380c', 'qos': 0}
2021-07-27 15:34:09,100 mqtt_communication.py[line:510] INFO {'topic': 'pool_info_3c50f4c3-a9c1-4872-9f18-883af014380c', 'qos': 0}
2021-07-27 15:34:09,101 mqtt_communication.py[line:510] INFO {'topic': 'auto_lng_lat_3c50f4c3-a9c1-4872-9f18-883af014380c', 'qos': 0}
2021-07-27 15:34:09,101 mqtt_communication.py[line:510] INFO {'topic': 'path_planning_3c50f4c3-a9c1-4872-9f18-883af014380c', 'qos': 0}
2021-07-27 15:34:09,102 mqtt_communication.py[line:510] INFO {'topic': 'status_data_3c50f4c3-a9c1-4872-9f18-883af014380c', 'qos': 0}
2021-07-27 15:34:09,102 mqtt_communication.py[line:510] INFO {'topic': 'base_setting_3c50f4c3-a9c1-4872-9f18-883af014380c', 'qos': 0}
2021-07-27 15:34:09,103 mqtt_communication.py[line:510] INFO {'topic': 'height_setting_3c50f4c3-a9c1-4872-9f18-883af014380c', 'qos': 0}
2021-07-27 15:34:09,103 mqtt_communication.py[line:510] INFO {'topic': 'refresh_3c50f4c3-a9c1-4872-9f18-883af014380c', 'qos': 0}
2021-07-27 15:34:09,104 mqtt_communication.py[line:510] INFO {'topic': 'reset_pool_3c50f4c3-a9c1-4872-9f18-883af014380c', 'qos': 0}
2021-07-27 15:34:09,104 mqtt_communication.py[line:510] INFO {'topic': 'heart_3c50f4c3-a9c1-4872-9f18-883af014380c', 'qos': 0}
2021-07-27 15:34:09,105 mqtt_communication.py[line:510] INFO {'topic': 'set_home_3c50f4c3-a9c1-4872-9f18-883af014380c', 'qos': 0}
2021-07-27 15:34:09,105 mqtt_communication.py[line:510] INFO {'topic': 'poweroff_restart_3c50f4c3-a9c1-4872-9f18-883af014380c', 'qos': 0}
2021-07-27 15:34:09,106 mqtt_communication.py[line:510] INFO {'topic': 'path_planning_confirm_3c50f4c3-a9c1-4872-9f18-883af014380c', 'qos': 0}
2021-07-27 15:34:34,601 mqtt_communication.py[line:169] INFO Connected with result code:  0
2021-07-27 15:34:34,849 mqtt_communication.py[line:510] INFO {'topic': 'pool_click_3c50f4c3-a9c1-4872-9f18-883af014380c', 'qos': 0}
2021-07-27 15:34:34,849 mqtt_communication.py[line:510] INFO {'topic': 'control_data_3c50f4c3-a9c1-4872-9f18-883af014380c', 'qos': 0}
2021-07-27 15:34:34,850 mqtt_communication.py[line:510] INFO {'topic': 'path_confirm_3c50f4c3-a9c1-4872-9f18-883af014380c', 'qos': 0}
2021-07-27 15:34:34,851 mqtt_communication.py[line:510] INFO {'topic': 'user_lng_lat_3c50f4c3-a9c1-4872-9f18-883af014380c', 'qos': 0}
2021-07-27 15:34:34,851 mqtt_communication.py[line:510] INFO {'topic': 'start_3c50f4c3-a9c1-4872-9f18-883af014380c', 'qos': 0}
2021-07-27 15:34:34,852 mqtt_communication.py[line:510] INFO {'topic': 'switch_3c50f4c3-a9c1-4872-9f18-883af014380c', 'qos': 0}
2021-07-27 15:34:34,852 mqtt_communication.py[line:510] INFO {'topic': 'pool_info_3c50f4c3-a9c1-4872-9f18-883af014380c', 'qos': 0}
2021-07-27 15:34:34,853 mqtt_communication.py[line:510] INFO {'topic': 'auto_lng_lat_3c50f4c3-a9c1-4872-9f18-883af014380c', 'qos': 0}
2021-07-27 15:34:34,853 mqtt_communication.py[line:510] INFO {'topic': 'path_planning_3c50f4c3-a9c1-4872-9f18-883af014380c', 'qos': 0}
2021-07-27 15:34:34,854 mqtt_communication.py[line:510] INFO {'topic': 'status_data_3c50f4c3-a9c1-4872-9f18-883af014380c', 'qos': 0}
2021-07-27 15:34:34,854 mqtt_communication.py[line:510] INFO {'topic': 'base_setting_3c50f4c3-a9c1-4872-9f18-883af014380c', 'qos': 0}
2021-07-27 15:34:34,855 mqtt_communication.py[line:510] INFO {'topic': 'height_setting_3c50f4c3-a9c1-4872-9f18-883af014380c', 'qos': 0}
2021-07-27 15:34:34,855 mqtt_communication.py[line:510] INFO {'topic': 'refresh_3c50f4c3-a9c1-4872-9f18-883af014380c', 'qos': 0}
2021-07-27 15:34:34,856 mqtt_communication.py[line:510] INFO {'topic': 'reset_pool_3c50f4c3-a9c1-4872-9f18-883af014380c', 'qos': 0}
2021-07-27 15:34:34,856 mqtt_communication.py[line:510] INFO {'topic': 'heart_3c50f4c3-a9c1-4872-9f18-883af014380c', 'qos': 0}
2021-07-27 15:34:34,857 mqtt_communication.py[line:510] INFO {'topic': 'set_home_3c50f4c3-a9c1-4872-9f18-883af014380c', 'qos': 0}
2021-07-27 15:34:34,857 mqtt_communication.py[line:510] INFO {'topic': 'poweroff_restart_3c50f4c3-a9c1-4872-9f18-883af014380c', 'qos': 0}
2021-07-27 15:34:34,858 mqtt_communication.py[line:510] INFO {'topic': 'path_planning_confirm_3c50f4c3-a9c1-4872-9f18-883af014380c', 'qos': 0}
2021-07-27 15:35:08,538 mqtt_communication.py[line:510] INFO {'topic': 'pool_click_3c50f4c3-a9c1-4872-9f18-883af014380c', 'qos': 0}
2021-07-27 15:35:08,550 mqtt_communication.py[line:169] INFO Connected with result code:  0
2021-07-27 15:35:08,568 mqtt_communication.py[line:510] INFO {'topic': 'control_data_3c50f4c3-a9c1-4872-9f18-883af014380c', 'qos': 0}
2021-07-27 15:35:08,755 mqtt_communication.py[line:510] INFO {'topic': 'path_confirm_3c50f4c3-a9c1-4872-9f18-883af014380c', 'qos': 0}
2021-07-27 15:35:08,756 mqtt_communication.py[line:510] INFO {'topic': 'user_lng_lat_3c50f4c3-a9c1-4872-9f18-883af014380c', 'qos': 0}
2021-07-27 15:35:08,756 mqtt_communication.py[line:510] INFO {'topic': 'start_3c50f4c3-a9c1-4872-9f18-883af014380c', 'qos': 0}
2021-07-27 15:35:08,757 mqtt_communication.py[line:510] INFO {'topic': 'switch_3c50f4c3-a9c1-4872-9f18-883af014380c', 'qos': 0}
2021-07-27 15:35:08,758 mqtt_communication.py[line:510] INFO {'topic': 'pool_info_3c50f4c3-a9c1-4872-9f18-883af014380c', 'qos': 0}
2021-07-27 15:35:08,758 mqtt_communication.py[line:510] INFO {'topic': 'auto_lng_lat_3c50f4c3-a9c1-4872-9f18-883af014380c', 'qos': 0}
2021-07-27 15:35:08,759 mqtt_communication.py[line:510] INFO {'topic': 'path_planning_3c50f4c3-a9c1-4872-9f18-883af014380c', 'qos': 0}
2021-07-27 15:35:08,759 mqtt_communication.py[line:510] INFO {'topic': 'status_data_3c50f4c3-a9c1-4872-9f18-883af014380c', 'qos': 0}
2021-07-27 15:35:08,760 mqtt_communication.py[line:510] INFO {'topic': 'base_setting_3c50f4c3-a9c1-4872-9f18-883af014380c', 'qos': 0}
2021-07-27 15:35:08,760 mqtt_communication.py[line:510] INFO {'topic': 'height_setting_3c50f4c3-a9c1-4872-9f18-883af014380c', 'qos': 0}
2021-07-27 15:35:08,761 mqtt_communication.py[line:510] INFO {'topic': 'refresh_3c50f4c3-a9c1-4872-9f18-883af014380c', 'qos': 0}
2021-07-27 15:35:08,762 mqtt_communication.py[line:510] INFO {'topic': 'reset_pool_3c50f4c3-a9c1-4872-9f18-883af014380c', 'qos': 0}
2021-07-27 15:35:08,762 mqtt_communication.py[line:510] INFO {'topic': 'heart_3c50f4c3-a9c1-4872-9f18-883af014380c', 'qos': 0}
2021-07-27 15:35:08,762 mqtt_communication.py[line:510] INFO {'topic': 'set_home_3c50f4c3-a9c1-4872-9f18-883af014380c', 'qos': 0}
2021-07-27 15:35:08,763 mqtt_communication.py[line:510] INFO {'topic': 'poweroff_restart_3c50f4c3-a9c1-4872-9f18-883af014380c', 'qos': 0}
2021-07-27 15:35:08,763 mqtt_communication.py[line:510] INFO {'topic': 'path_planning_confirm_3c50f4c3-a9c1-4872-9f18-883af014380c', 'qos': 0}
2021-07-27 15:37:09,507 mqtt_communication.py[line:510] INFO {'topic': 'pool_click_3c50f4c3-a9c1-4872-9f18-883af014380c', 'qos': 0}
2021-07-27 15:37:09,659 mqtt_communication.py[line:169] INFO Connected with result code:  0
2021-07-27 15:37:09,659 mqtt_communication.py[line:510] INFO {'topic': 'control_data_3c50f4c3-a9c1-4872-9f18-883af014380c', 'qos': 0}
2021-07-27 15:37:09,660 mqtt_communication.py[line:510] INFO {'topic': 'path_confirm_3c50f4c3-a9c1-4872-9f18-883af014380c', 'qos': 0}
2021-07-27 15:37:09,661 mqtt_communication.py[line:510] INFO {'topic': 'user_lng_lat_3c50f4c3-a9c1-4872-9f18-883af014380c', 'qos': 0}
2021-07-27 15:37:09,661 mqtt_communication.py[line:510] INFO {'topic': 'start_3c50f4c3-a9c1-4872-9f18-883af014380c', 'qos': 0}
2021-07-27 15:37:09,661 mqtt_communication.py[line:510] INFO {'topic': 'switch_3c50f4c3-a9c1-4872-9f18-883af014380c', 'qos': 0}
2021-07-27 15:37:09,662 mqtt_communication.py[line:510] INFO {'topic': 'pool_info_3c50f4c3-a9c1-4872-9f18-883af014380c', 'qos': 0}
2021-07-27 15:37:09,662 mqtt_communication.py[line:510] INFO {'topic': 'auto_lng_lat_3c50f4c3-a9c1-4872-9f18-883af014380c', 'qos': 0}
2021-07-27 15:37:09,662 mqtt_communication.py[line:510] INFO {'topic': 'path_planning_3c50f4c3-a9c1-4872-9f18-883af014380c', 'qos': 0}
2021-07-27 15:37:09,663 mqtt_communication.py[line:510] INFO {'topic': 'status_data_3c50f4c3-a9c1-4872-9f18-883af014380c', 'qos': 0}
2021-07-27 15:37:09,663 mqtt_communication.py[line:510] INFO {'topic': 'base_setting_3c50f4c3-a9c1-4872-9f18-883af014380c', 'qos': 0}
2021-07-27 15:37:09,663 mqtt_communication.py[line:510] INFO {'topic': 'height_setting_3c50f4c3-a9c1-4872-9f18-883af014380c', 'qos': 0}
2021-07-27 15:37:09,663 mqtt_communication.py[line:510] INFO {'topic': 'refresh_3c50f4c3-a9c1-4872-9f18-883af014380c', 'qos': 0}
2021-07-27 15:37:09,663 mqtt_communication.py[line:510] INFO {'topic': 'reset_pool_3c50f4c3-a9c1-4872-9f18-883af014380c', 'qos': 0}
2021-07-27 15:37:09,664 mqtt_communication.py[line:510] INFO {'topic': 'heart_3c50f4c3-a9c1-4872-9f18-883af014380c', 'qos': 0}
2021-07-27 15:37:09,665 mqtt_communication.py[line:510] INFO {'topic': 'set_home_3c50f4c3-a9c1-4872-9f18-883af014380c', 'qos': 0}
2021-07-27 15:37:09,665 mqtt_communication.py[line:510] INFO {'topic': 'poweroff_restart_3c50f4c3-a9c1-4872-9f18-883af014380c', 'qos': 0}
2021-07-27 15:37:09,665 mqtt_communication.py[line:510] INFO {'topic': 'path_planning_confirm_3c50f4c3-a9c1-4872-9f18-883af014380c', 'qos': 0}
2021-07-27 15:37:43,151 mqtt_communication.py[line:510] INFO {'topic': 'pool_click_3c50f4c3-a9c1-4872-9f18-883af014380c', 'qos': 0}
2021-07-27 15:37:43,151 mqtt_communication.py[line:169] INFO Connected with result code:  0
2021-07-27 15:37:43,152 mqtt_communication.py[line:510] INFO {'topic': 'control_data_3c50f4c3-a9c1-4872-9f18-883af014380c', 'qos': 0}
2021-07-27 15:37:43,152 mqtt_communication.py[line:510] INFO {'topic': 'path_confirm_3c50f4c3-a9c1-4872-9f18-883af014380c', 'qos': 0}
2021-07-27 15:37:43,153 mqtt_communication.py[line:510] INFO {'topic': 'user_lng_lat_3c50f4c3-a9c1-4872-9f18-883af014380c', 'qos': 0}
2021-07-27 15:37:43,154 mqtt_communication.py[line:510] INFO {'topic': 'start_3c50f4c3-a9c1-4872-9f18-883af014380c', 'qos': 0}
2021-07-27 15:37:43,154 mqtt_communication.py[line:510] INFO {'topic': 'switch_3c50f4c3-a9c1-4872-9f18-883af014380c', 'qos': 0}
2021-07-27 15:37:43,155 mqtt_communication.py[line:510] INFO {'topic': 'pool_info_3c50f4c3-a9c1-4872-9f18-883af014380c', 'qos': 0}
2021-07-27 15:37:43,155 mqtt_communication.py[line:510] INFO {'topic': 'auto_lng_lat_3c50f4c3-a9c1-4872-9f18-883af014380c', 'qos': 0}
2021-07-27 15:37:43,155 mqtt_communication.py[line:510] INFO {'topic': 'path_planning_3c50f4c3-a9c1-4872-9f18-883af014380c', 'qos': 0}
2021-07-27 15:37:43,156 mqtt_communication.py[line:510] INFO {'topic': 'status_data_3c50f4c3-a9c1-4872-9f18-883af014380c', 'qos': 0}
2021-07-27 15:37:43,156 mqtt_communication.py[line:510] INFO {'topic': 'base_setting_3c50f4c3-a9c1-4872-9f18-883af014380c', 'qos': 0}
2021-07-27 15:37:43,157 mqtt_communication.py[line:510] INFO {'topic': 'height_setting_3c50f4c3-a9c1-4872-9f18-883af014380c', 'qos': 0}
2021-07-27 15:37:43,157 mqtt_communication.py[line:510] INFO {'topic': 'refresh_3c50f4c3-a9c1-4872-9f18-883af014380c', 'qos': 0}
2021-07-27 15:37:43,157 mqtt_communication.py[line:510] INFO {'topic': 'reset_pool_3c50f4c3-a9c1-4872-9f18-883af014380c', 'qos': 0}
2021-07-27 15:37:43,158 mqtt_communication.py[line:510] INFO {'topic': 'heart_3c50f4c3-a9c1-4872-9f18-883af014380c', 'qos': 0}
2021-07-27 15:37:43,158 mqtt_communication.py[line:510] INFO {'topic': 'set_home_3c50f4c3-a9c1-4872-9f18-883af014380c', 'qos': 0}
2021-07-27 15:37:43,159 mqtt_communication.py[line:510] INFO {'topic': 'poweroff_restart_3c50f4c3-a9c1-4872-9f18-883af014380c', 'qos': 0}
2021-07-27 15:37:43,159 mqtt_communication.py[line:510] INFO {'topic': 'path_planning_confirm_3c50f4c3-a9c1-4872-9f18-883af014380c', 'qos': 0}
2021-07-27 15:38:14,878 mqtt_communication.py[line:510] INFO {'topic': 'pool_click_3c50f4c3-a9c1-4872-9f18-883af014380c', 'qos': 0}
2021-07-27 15:38:14,879 mqtt_communication.py[line:510] INFO {'topic': 'control_data_3c50f4c3-a9c1-4872-9f18-883af014380c', 'qos': 0}
2021-07-27 15:38:14,880 mqtt_communication.py[line:510] INFO {'topic': 'path_confirm_3c50f4c3-a9c1-4872-9f18-883af014380c', 'qos': 0}
2021-07-27 15:38:14,880 mqtt_communication.py[line:510] INFO {'topic': 'user_lng_lat_3c50f4c3-a9c1-4872-9f18-883af014380c', 'qos': 0}
2021-07-27 15:38:14,880 mqtt_communication.py[line:510] INFO {'topic': 'start_3c50f4c3-a9c1-4872-9f18-883af014380c', 'qos': 0}
2021-07-27 15:38:14,881 mqtt_communication.py[line:510] INFO {'topic': 'switch_3c50f4c3-a9c1-4872-9f18-883af014380c', 'qos': 0}
2021-07-27 15:38:14,881 mqtt_communication.py[line:510] INFO {'topic': 'pool_info_3c50f4c3-a9c1-4872-9f18-883af014380c', 'qos': 0}
2021-07-27 15:38:14,882 mqtt_communication.py[line:510] INFO {'topic': 'auto_lng_lat_3c50f4c3-a9c1-4872-9f18-883af014380c', 'qos': 0}
2021-07-27 15:38:14,882 mqtt_communication.py[line:510] INFO {'topic': 'path_planning_3c50f4c3-a9c1-4872-9f18-883af014380c', 'qos': 0}
2021-07-27 15:38:14,883 mqtt_communication.py[line:510] INFO {'topic': 'status_data_3c50f4c3-a9c1-4872-9f18-883af014380c', 'qos': 0}
2021-07-27 15:38:14,883 mqtt_communication.py[line:510] INFO {'topic': 'base_setting_3c50f4c3-a9c1-4872-9f18-883af014380c', 'qos': 0}
2021-07-27 15:38:14,884 mqtt_communication.py[line:510] INFO {'topic': 'height_setting_3c50f4c3-a9c1-4872-9f18-883af014380c', 'qos': 0}
2021-07-27 15:38:14,884 mqtt_communication.py[line:510] INFO {'topic': 'refresh_3c50f4c3-a9c1-4872-9f18-883af014380c', 'qos': 0}
2021-07-27 15:38:14,885 mqtt_communication.py[line:510] INFO {'topic': 'reset_pool_3c50f4c3-a9c1-4872-9f18-883af014380c', 'qos': 0}
2021-07-27 15:38:14,885 mqtt_communication.py[line:510] INFO {'topic': 'heart_3c50f4c3-a9c1-4872-9f18-883af014380c', 'qos': 0}
2021-07-27 15:38:14,885 mqtt_communication.py[line:510] INFO {'topic': 'set_home_3c50f4c3-a9c1-4872-9f18-883af014380c', 'qos': 0}
2021-07-27 15:38:14,886 mqtt_communication.py[line:510] INFO {'topic': 'poweroff_restart_3c50f4c3-a9c1-4872-9f18-883af014380c', 'qos': 0}
2021-07-27 15:38:14,886 mqtt_communication.py[line:510] INFO {'topic': 'path_planning_confirm_3c50f4c3-a9c1-4872-9f18-883af014380c', 'qos': 0}
2021-07-27 15:38:14,951 mqtt_communication.py[line:169] INFO Connected with result code:  0
2021-07-27 15:49:30,987 mqtt_communication.py[line:510] INFO {'topic': 'pool_click_3c50f4c3-a9c1-4872-9f18-883af014380c', 'qos': 0}
2021-07-27 15:49:31,258 mqtt_communication.py[line:510] INFO {'topic': 'control_data_3c50f4c3-a9c1-4872-9f18-883af014380c', 'qos': 0}
2021-07-27 15:49:31,259 mqtt_communication.py[line:169] INFO Connected with result code:  0
2021-07-27 15:49:31,260 mqtt_communication.py[line:510] INFO {'topic': 'path_confirm_3c50f4c3-a9c1-4872-9f18-883af014380c', 'qos': 0}
2021-07-27 15:49:31,260 mqtt_communication.py[line:510] INFO {'topic': 'user_lng_lat_3c50f4c3-a9c1-4872-9f18-883af014380c', 'qos': 0}
2021-07-27 15:49:31,261 mqtt_communication.py[line:510] INFO {'topic': 'start_3c50f4c3-a9c1-4872-9f18-883af014380c', 'qos': 0}
2021-07-27 15:49:31,261 mqtt_communication.py[line:510] INFO {'topic': 'switch_3c50f4c3-a9c1-4872-9f18-883af014380c', 'qos': 0}
2021-07-27 15:49:31,261 mqtt_communication.py[line:510] INFO {'topic': 'pool_info_3c50f4c3-a9c1-4872-9f18-883af014380c', 'qos': 0}
2021-07-27 15:49:31,261 mqtt_communication.py[line:510] INFO {'topic': 'auto_lng_lat_3c50f4c3-a9c1-4872-9f18-883af014380c', 'qos': 0}
2021-07-27 15:49:31,262 mqtt_communication.py[line:510] INFO {'topic': 'path_planning_3c50f4c3-a9c1-4872-9f18-883af014380c', 'qos': 0}
2021-07-27 15:49:31,263 mqtt_communication.py[line:510] INFO {'topic': 'status_data_3c50f4c3-a9c1-4872-9f18-883af014380c', 'qos': 0}
2021-07-27 15:49:31,263 mqtt_communication.py[line:510] INFO {'topic': 'base_setting_3c50f4c3-a9c1-4872-9f18-883af014380c', 'qos': 0}
2021-07-27 15:49:31,263 mqtt_communication.py[line:510] INFO {'topic': 'height_setting_3c50f4c3-a9c1-4872-9f18-883af014380c', 'qos': 0}
2021-07-27 15:49:31,264 mqtt_communication.py[line:510] INFO {'topic': 'refresh_3c50f4c3-a9c1-4872-9f18-883af014380c', 'qos': 0}
2021-07-27 15:49:31,264 mqtt_communication.py[line:510] INFO {'topic': 'reset_pool_3c50f4c3-a9c1-4872-9f18-883af014380c', 'qos': 0}
2021-07-27 15:49:31,265 mqtt_communication.py[line:510] INFO {'topic': 'heart_3c50f4c3-a9c1-4872-9f18-883af014380c', 'qos': 0}
2021-07-27 15:49:31,265 mqtt_communication.py[line:510] INFO {'topic': 'set_home_3c50f4c3-a9c1-4872-9f18-883af014380c', 'qos': 0}
2021-07-27 15:49:31,265 mqtt_communication.py[line:510] INFO {'topic': 'poweroff_restart_3c50f4c3-a9c1-4872-9f18-883af014380c', 'qos': 0}
2021-07-27 15:49:31,265 mqtt_communication.py[line:510] INFO {'topic': 'path_planning_confirm_3c50f4c3-a9c1-4872-9f18-883af014380c', 'qos': 0}
2021-07-27 15:50:29,097 mqtt_communication.py[line:510] INFO {'topic': 'pool_click_3c50f4c3-a9c1-4872-9f18-883af014380c', 'qos': 0}
2021-07-27 15:50:29,097 mqtt_communication.py[line:169] INFO Connected with result code:  0
2021-07-27 15:50:29,098 mqtt_communication.py[line:510] INFO {'topic': 'control_data_3c50f4c3-a9c1-4872-9f18-883af014380c', 'qos': 0}
2021-07-27 15:50:29,098 mqtt_communication.py[line:510] INFO {'topic': 'path_confirm_3c50f4c3-a9c1-4872-9f18-883af014380c', 'qos': 0}
2021-07-27 15:50:29,099 mqtt_communication.py[line:510] INFO {'topic': 'user_lng_lat_3c50f4c3-a9c1-4872-9f18-883af014380c', 'qos': 0}
2021-07-27 15:50:29,099 mqtt_communication.py[line:510] INFO {'topic': 'start_3c50f4c3-a9c1-4872-9f18-883af014380c', 'qos': 0}
2021-07-27 15:50:29,100 mqtt_communication.py[line:510] INFO {'topic': 'switch_3c50f4c3-a9c1-4872-9f18-883af014380c', 'qos': 0}
2021-07-27 15:50:29,100 mqtt_communication.py[line:510] INFO {'topic': 'pool_info_3c50f4c3-a9c1-4872-9f18-883af014380c', 'qos': 0}
2021-07-27 15:50:29,101 mqtt_communication.py[line:510] INFO {'topic': 'auto_lng_lat_3c50f4c3-a9c1-4872-9f18-883af014380c', 'qos': 0}
2021-07-27 15:50:29,101 mqtt_communication.py[line:510] INFO {'topic': 'path_planning_3c50f4c3-a9c1-4872-9f18-883af014380c', 'qos': 0}
2021-07-27 15:50:29,102 mqtt_communication.py[line:510] INFO {'topic': 'status_data_3c50f4c3-a9c1-4872-9f18-883af014380c', 'qos': 0}
2021-07-27 15:50:29,102 mqtt_communication.py[line:510] INFO {'topic': 'base_setting_3c50f4c3-a9c1-4872-9f18-883af014380c', 'qos': 0}
2021-07-27 15:50:29,103 mqtt_communication.py[line:510] INFO {'topic': 'height_setting_3c50f4c3-a9c1-4872-9f18-883af014380c', 'qos': 0}
2021-07-27 15:50:29,103 mqtt_communication.py[line:510] INFO {'topic': 'refresh_3c50f4c3-a9c1-4872-9f18-883af014380c', 'qos': 0}
2021-07-27 15:50:29,104 mqtt_communication.py[line:510] INFO {'topic': 'reset_pool_3c50f4c3-a9c1-4872-9f18-883af014380c', 'qos': 0}
2021-07-27 15:50:29,104 mqtt_communication.py[line:510] INFO {'topic': 'heart_3c50f4c3-a9c1-4872-9f18-883af014380c', 'qos': 0}
2021-07-27 15:50:29,104 mqtt_communication.py[line:510] INFO {'topic': 'set_home_3c50f4c3-a9c1-4872-9f18-883af014380c', 'qos': 0}
2021-07-27 15:50:29,105 mqtt_communication.py[line:510] INFO {'topic': 'poweroff_restart_3c50f4c3-a9c1-4872-9f18-883af014380c', 'qos': 0}
2021-07-27 15:50:29,105 mqtt_communication.py[line:510] INFO {'topic': 'path_planning_confirm_3c50f4c3-a9c1-4872-9f18-883af014380c', 'qos': 0}
2021-07-27 15:51:56,867 mqtt_communication.py[line:510] INFO {'topic': 'pool_click_3c50f4c3-a9c1-4872-9f18-883af014380c', 'qos': 0}
2021-07-27 15:51:56,897 mqtt_communication.py[line:169] INFO Connected with result code:  0
2021-07-27 15:51:56,915 mqtt_communication.py[line:510] INFO {'topic': 'control_data_3c50f4c3-a9c1-4872-9f18-883af014380c', 'qos': 0}
2021-07-27 15:51:57,169 mqtt_communication.py[line:510] INFO {'topic': 'path_confirm_3c50f4c3-a9c1-4872-9f18-883af014380c', 'qos': 0}
2021-07-27 15:51:57,169 mqtt_communication.py[line:510] INFO {'topic': 'user_lng_lat_3c50f4c3-a9c1-4872-9f18-883af014380c', 'qos': 0}
2021-07-27 15:51:57,170 mqtt_communication.py[line:510] INFO {'topic': 'start_3c50f4c3-a9c1-4872-9f18-883af014380c', 'qos': 0}
2021-07-27 15:51:57,170 mqtt_communication.py[line:510] INFO {'topic': 'switch_3c50f4c3-a9c1-4872-9f18-883af014380c', 'qos': 0}
2021-07-27 15:51:57,171 mqtt_communication.py[line:510] INFO {'topic': 'pool_info_3c50f4c3-a9c1-4872-9f18-883af014380c', 'qos': 0}
2021-07-27 15:51:57,171 mqtt_communication.py[line:510] INFO {'topic': 'auto_lng_lat_3c50f4c3-a9c1-4872-9f18-883af014380c', 'qos': 0}
2021-07-27 15:51:57,172 mqtt_communication.py[line:510] INFO {'topic': 'path_planning_3c50f4c3-a9c1-4872-9f18-883af014380c', 'qos': 0}
2021-07-27 15:51:57,172 mqtt_communication.py[line:510] INFO {'topic': 'status_data_3c50f4c3-a9c1-4872-9f18-883af014380c', 'qos': 0}
2021-07-27 15:51:57,173 mqtt_communication.py[line:510] INFO {'topic': 'base_setting_3c50f4c3-a9c1-4872-9f18-883af014380c', 'qos': 0}
2021-07-27 15:51:57,173 mqtt_communication.py[line:510] INFO {'topic': 'height_setting_3c50f4c3-a9c1-4872-9f18-883af014380c', 'qos': 0}
2021-07-27 15:51:57,173 mqtt_communication.py[line:510] INFO {'topic': 'refresh_3c50f4c3-a9c1-4872-9f18-883af014380c', 'qos': 0}
2021-07-27 15:51:57,174 mqtt_communication.py[line:510] INFO {'topic': 'reset_pool_3c50f4c3-a9c1-4872-9f18-883af014380c', 'qos': 0}
2021-07-27 15:51:57,174 mqtt_communication.py[line:510] INFO {'topic': 'heart_3c50f4c3-a9c1-4872-9f18-883af014380c', 'qos': 0}
2021-07-27 15:51:57,174 mqtt_communication.py[line:510] INFO {'topic': 'set_home_3c50f4c3-a9c1-4872-9f18-883af014380c', 'qos': 0}
2021-07-27 15:51:57,175 mqtt_communication.py[line:510] INFO {'topic': 'poweroff_restart_3c50f4c3-a9c1-4872-9f18-883af014380c', 'qos': 0}
2021-07-27 15:51:57,175 mqtt_communication.py[line:510] INFO {'topic': 'path_planning_confirm_3c50f4c3-a9c1-4872-9f18-883af014380c', 'qos': 0}
2021-07-27 15:52:08,749 mqtt_communication.py[line:210] INFO {'topic': 'control_data_3c50f4c3-a9c1-4872-9f18-883af014380c', 'control_move_direction': 0, 'mode': 1}
2021-07-27 15:52:57,032 mqtt_communication.py[line:510] INFO {'topic': 'pool_click_3c50f4c3-a9c1-4872-9f18-883af014380c', 'qos': 0}
2021-07-27 15:52:57,167 mqtt_communication.py[line:510] INFO {'topic': 'control_data_3c50f4c3-a9c1-4872-9f18-883af014380c', 'qos': 0}
2021-07-27 15:52:57,167 mqtt_communication.py[line:169] INFO Connected with result code:  0
2021-07-27 15:52:57,167 mqtt_communication.py[line:510] INFO {'topic': 'path_confirm_3c50f4c3-a9c1-4872-9f18-883af014380c', 'qos': 0}
2021-07-27 15:52:57,168 mqtt_communication.py[line:510] INFO {'topic': 'user_lng_lat_3c50f4c3-a9c1-4872-9f18-883af014380c', 'qos': 0}
2021-07-27 15:52:57,169 mqtt_communication.py[line:510] INFO {'topic': 'start_3c50f4c3-a9c1-4872-9f18-883af014380c', 'qos': 0}
2021-07-27 15:52:57,170 mqtt_communication.py[line:510] INFO {'topic': 'switch_3c50f4c3-a9c1-4872-9f18-883af014380c', 'qos': 0}
2021-07-27 15:52:57,170 mqtt_communication.py[line:510] INFO {'topic': 'pool_info_3c50f4c3-a9c1-4872-9f18-883af014380c', 'qos': 0}
2021-07-27 15:52:57,171 mqtt_communication.py[line:510] INFO {'topic': 'auto_lng_lat_3c50f4c3-a9c1-4872-9f18-883af014380c', 'qos': 0}
2021-07-27 15:52:57,172 mqtt_communication.py[line:510] INFO {'topic': 'path_planning_3c50f4c3-a9c1-4872-9f18-883af014380c', 'qos': 0}
2021-07-27 15:52:57,172 mqtt_communication.py[line:510] INFO {'topic': 'status_data_3c50f4c3-a9c1-4872-9f18-883af014380c', 'qos': 0}
2021-07-27 15:52:57,173 mqtt_communication.py[line:510] INFO {'topic': 'base_setting_3c50f4c3-a9c1-4872-9f18-883af014380c', 'qos': 0}
2021-07-27 15:52:57,173 mqtt_communication.py[line:510] INFO {'topic': 'height_setting_3c50f4c3-a9c1-4872-9f18-883af014380c', 'qos': 0}
2021-07-27 15:52:57,174 mqtt_communication.py[line:510] INFO {'topic': 'refresh_3c50f4c3-a9c1-4872-9f18-883af014380c', 'qos': 0}
2021-07-27 15:52:57,175 mqtt_communication.py[line:510] INFO {'topic': 'reset_pool_3c50f4c3-a9c1-4872-9f18-883af014380c', 'qos': 0}
2021-07-27 15:52:57,175 mqtt_communication.py[line:510] INFO {'topic': 'heart_3c50f4c3-a9c1-4872-9f18-883af014380c', 'qos': 0}
2021-07-27 15:52:57,175 mqtt_communication.py[line:510] INFO {'topic': 'set_home_3c50f4c3-a9c1-4872-9f18-883af014380c', 'qos': 0}
2021-07-27 15:52:57,176 mqtt_communication.py[line:510] INFO {'topic': 'poweroff_restart_3c50f4c3-a9c1-4872-9f18-883af014380c', 'qos': 0}
2021-07-27 15:52:57,176 mqtt_communication.py[line:510] INFO {'topic': 'path_planning_confirm_3c50f4c3-a9c1-4872-9f18-883af014380c', 'qos': 0}
2021-07-27 15:54:02,377 mqtt_communication.py[line:510] INFO {'topic': 'pool_click_3c50f4c3-a9c1-4872-9f18-883af014380c', 'qos': 0}
2021-07-27 15:54:02,377 mqtt_communication.py[line:510] INFO {'topic': 'control_data_3c50f4c3-a9c1-4872-9f18-883af014380c', 'qos': 0}
2021-07-27 15:54:02,378 mqtt_communication.py[line:510] INFO {'topic': 'path_confirm_3c50f4c3-a9c1-4872-9f18-883af014380c', 'qos': 0}
2021-07-27 15:54:02,378 mqtt_communication.py[line:510] INFO {'topic': 'user_lng_lat_3c50f4c3-a9c1-4872-9f18-883af014380c', 'qos': 0}
2021-07-27 15:54:02,390 mqtt_communication.py[line:510] INFO {'topic': 'start_3c50f4c3-a9c1-4872-9f18-883af014380c', 'qos': 0}
2021-07-27 15:54:02,414 mqtt_communication.py[line:510] INFO {'topic': 'switch_3c50f4c3-a9c1-4872-9f18-883af014380c', 'qos': 0}
2021-07-27 15:54:02,432 mqtt_communication.py[line:510] INFO {'topic': 'pool_info_3c50f4c3-a9c1-4872-9f18-883af014380c', 'qos': 0}
2021-07-27 15:54:02,438 mqtt_communication.py[line:169] INFO Connected with result code:  0
2021-07-27 15:54:02,444 mqtt_communication.py[line:510] INFO {'topic': 'auto_lng_lat_3c50f4c3-a9c1-4872-9f18-883af014380c', 'qos': 0}
2021-07-27 15:54:02,479 mqtt_communication.py[line:510] INFO {'topic': 'path_planning_3c50f4c3-a9c1-4872-9f18-883af014380c', 'qos': 0}
2021-07-27 15:54:02,479 mqtt_communication.py[line:510] INFO {'topic': 'status_data_3c50f4c3-a9c1-4872-9f18-883af014380c', 'qos': 0}
2021-07-27 15:54:02,480 mqtt_communication.py[line:510] INFO {'topic': 'base_setting_3c50f4c3-a9c1-4872-9f18-883af014380c', 'qos': 0}
2021-07-27 15:54:02,480 mqtt_communication.py[line:510] INFO {'topic': 'height_setting_3c50f4c3-a9c1-4872-9f18-883af014380c', 'qos': 0}
2021-07-27 15:54:02,481 mqtt_communication.py[line:510] INFO {'topic': 'refresh_3c50f4c3-a9c1-4872-9f18-883af014380c', 'qos': 0}
2021-07-27 15:54:02,481 mqtt_communication.py[line:510] INFO {'topic': 'reset_pool_3c50f4c3-a9c1-4872-9f18-883af014380c', 'qos': 0}
2021-07-27 15:54:02,481 mqtt_communication.py[line:510] INFO {'topic': 'heart_3c50f4c3-a9c1-4872-9f18-883af014380c', 'qos': 0}
2021-07-27 15:54:02,481 mqtt_communication.py[line:510] INFO {'topic': 'set_home_3c50f4c3-a9c1-4872-9f18-883af014380c', 'qos': 0}
2021-07-27 15:54:02,989 mqtt_communication.py[line:510] INFO {'topic': 'poweroff_restart_3c50f4c3-a9c1-4872-9f18-883af014380c', 'qos': 0}
2021-07-27 15:54:03,003 mqtt_communication.py[line:510] INFO {'topic': 'path_planning_confirm_3c50f4c3-a9c1-4872-9f18-883af014380c', 'qos': 0}
2021-07-27 15:54:31,727 mqtt_communication.py[line:510] INFO {'topic': 'pool_click_3c50f4c3-a9c1-4872-9f18-883af014380c', 'qos': 0}
2021-07-27 15:54:31,728 mqtt_communication.py[line:169] INFO Connected with result code:  0
2021-07-27 15:54:31,728 mqtt_communication.py[line:510] INFO {'topic': 'control_data_3c50f4c3-a9c1-4872-9f18-883af014380c', 'qos': 0}
2021-07-27 15:54:31,729 mqtt_communication.py[line:510] INFO {'topic': 'path_confirm_3c50f4c3-a9c1-4872-9f18-883af014380c', 'qos': 0}
2021-07-27 15:54:31,729 mqtt_communication.py[line:510] INFO {'topic': 'user_lng_lat_3c50f4c3-a9c1-4872-9f18-883af014380c', 'qos': 0}
2021-07-27 15:54:31,730 mqtt_communication.py[line:510] INFO {'topic': 'start_3c50f4c3-a9c1-4872-9f18-883af014380c', 'qos': 0}
2021-07-27 15:54:31,731 mqtt_communication.py[line:510] INFO {'topic': 'switch_3c50f4c3-a9c1-4872-9f18-883af014380c', 'qos': 0}
2021-07-27 15:54:31,731 mqtt_communication.py[line:510] INFO {'topic': 'pool_info_3c50f4c3-a9c1-4872-9f18-883af014380c', 'qos': 0}
2021-07-27 15:54:31,732 mqtt_communication.py[line:510] INFO {'topic': 'auto_lng_lat_3c50f4c3-a9c1-4872-9f18-883af014380c', 'qos': 0}
2021-07-27 15:54:31,732 mqtt_communication.py[line:510] INFO {'topic': 'path_planning_3c50f4c3-a9c1-4872-9f18-883af014380c', 'qos': 0}
2021-07-27 15:54:31,733 mqtt_communication.py[line:510] INFO {'topic': 'status_data_3c50f4c3-a9c1-4872-9f18-883af014380c', 'qos': 0}
2021-07-27 15:54:31,733 mqtt_communication.py[line:510] INFO {'topic': 'base_setting_3c50f4c3-a9c1-4872-9f18-883af014380c', 'qos': 0}
2021-07-27 15:54:31,734 mqtt_communication.py[line:510] INFO {'topic': 'height_setting_3c50f4c3-a9c1-4872-9f18-883af014380c', 'qos': 0}
2021-07-27 15:54:31,734 mqtt_communication.py[line:510] INFO {'topic': 'refresh_3c50f4c3-a9c1-4872-9f18-883af014380c', 'qos': 0}
2021-07-27 15:54:31,735 mqtt_communication.py[line:510] INFO {'topic': 'reset_pool_3c50f4c3-a9c1-4872-9f18-883af014380c', 'qos': 0}
2021-07-27 15:54:31,736 mqtt_communication.py[line:510] INFO {'topic': 'heart_3c50f4c3-a9c1-4872-9f18-883af014380c', 'qos': 0}
2021-07-27 15:54:31,736 mqtt_communication.py[line:510] INFO {'topic': 'set_home_3c50f4c3-a9c1-4872-9f18-883af014380c', 'qos': 0}
2021-07-27 15:54:31,736 mqtt_communication.py[line:510] INFO {'topic': 'poweroff_restart_3c50f4c3-a9c1-4872-9f18-883af014380c', 'qos': 0}
2021-07-27 15:54:31,737 mqtt_communication.py[line:510] INFO {'topic': 'path_planning_confirm_3c50f4c3-a9c1-4872-9f18-883af014380c', 'qos': 0}
